<?xml version="1.0" encoding="UTF-8"?>
<coverage generated="1551671538084" clover="3.2.0">
  <project timestamp="1551671538084" name="All files">
    <metrics statements="111" coveredstatements="83" conditionals="60" coveredconditionals="42" methods="18" coveredmethods="14" elements="189" coveredelements="139" complexity="0" loc="111" ncloc="111" packages="2" files="2" classes="2">
      <package name="dist.src">
        <metrics statements="56" coveredstatements="42" conditionals="30" coveredconditionals="21" methods="9" coveredmethods="7"/>
        <file name="ZHRL.js" path="/home/blazingkin/Documents/Github/tsc-ZHRL/dist/src/ZHRL.js">
          <metrics statements="56" coveredstatements="42" conditionals="30" coveredconditionals="21" methods="9" coveredmethods="7"/>
          <line num="2" count="1" type="stmt"/>
          <line num="4" count="1" type="stmt"/>
          <line num="11" count="0" type="stmt"/>
          <line num="12" count="0" type="stmt"/>
          <line num="13" count="0" type="stmt"/>
          <line num="16" count="1" type="stmt"/>
          <line num="20" count="5" type="stmt"/>
          <line num="23" count="1" type="stmt"/>
          <line num="29" count="3" type="stmt"/>
          <line num="30" count="3" type="stmt"/>
          <line num="33" count="1" type="stmt"/>
          <line num="39" count="2" type="stmt"/>
          <line num="40" count="2" type="stmt"/>
          <line num="43" count="1" type="stmt"/>
          <line num="46" count="0" type="stmt"/>
          <line num="47" count="0" type="stmt"/>
          <line num="48" count="0" type="stmt"/>
          <line num="51" count="1" type="stmt"/>
          <line num="52" count="1" type="stmt"/>
          <line num="54" count="14" type="cond" truecount="2" falsecount="0"/>
          <line num="56" count="1" type="stmt"/>
          <line num="58" count="2" type="stmt"/>
          <line num="59" count="2" type="stmt"/>
          <line num="60" count="4" type="stmt"/>
          <line num="61" count="4" type="cond" truecount="1" falsecount="1"/>
          <line num="62" count="0" type="stmt"/>
          <line num="64" count="4" type="stmt"/>
          <line num="66" count="2" type="stmt"/>
          <line num="68" count="1" type="stmt"/>
          <line num="70" count="12" type="cond" truecount="2" falsecount="0"/>
          <line num="71" count="4" type="cond" truecount="1" falsecount="1"/>
          <line num="72" count="0" type="stmt"/>
          <line num="75" count="4" type="stmt"/>
          <line num="76" count="4" type="cond" truecount="2" falsecount="0"/>
          <line num="78" count="3" type="cond" truecount="1" falsecount="1"/>
          <line num="79" count="0" type="cond" truecount="0" falsecount="2"/>
          <line num="80" count="0" type="stmt"/>
          <line num="82" count="0" type="stmt"/>
          <line num="84" count="3" type="cond" truecount="2" falsecount="0"/>
          <line num="85" count="2" type="cond" truecount="1" falsecount="1"/>
          <line num="86" count="0" type="stmt"/>
          <line num="88" count="2" type="stmt"/>
          <line num="89" count="2" type="cond" truecount="1" falsecount="1"/>
          <line num="90" count="2" type="stmt"/>
          <line num="92" count="0" type="stmt"/>
          <line num="94" count="1" type="cond" truecount="1" falsecount="1"/>
          <line num="96" count="0" type="stmt"/>
          <line num="99" count="2" type="stmt"/>
          <line num="102" count="8" type="cond" truecount="2" falsecount="0"/>
          <line num="103" count="4" type="stmt"/>
          <line num="105" count="4" type="cond" truecount="2" falsecount="0"/>
          <line num="106" count="1" type="stmt"/>
          <line num="108" count="3" type="cond" truecount="1" falsecount="1"/>
          <line num="109" count="3" type="stmt"/>
          <line num="112" count="1" type="stmt"/>
          <line num="113" count="1" type="stmt"/>
        </file>
      </package>
      <package name="src">
        <metrics statements="55" coveredstatements="41" conditionals="30" coveredconditionals="21" methods="9" coveredmethods="7"/>
        <file name="ZHRL.ts" path="/home/blazingkin/Documents/Github/tsc-ZHRL/src/ZHRL.ts">
          <metrics statements="55" coveredstatements="41" conditionals="30" coveredconditionals="21" methods="9" coveredmethods="7"/>
          <line num="1" count="1" type="cond" truecount="2" falsecount="0"/>
          <line num="6" count="1" type="stmt"/>
          <line num="11" count="0" type="stmt"/>
          <line num="12" count="0" type="stmt"/>
          <line num="13" count="0" type="stmt"/>
          <line num="18" count="1" type="stmt"/>
          <line num="21" count="5" type="stmt"/>
          <line num="28" count="1" type="stmt"/>
          <line num="32" count="3" type="stmt"/>
          <line num="33" count="3" type="stmt"/>
          <line num="40" count="1" type="stmt"/>
          <line num="44" count="2" type="stmt"/>
          <line num="45" count="2" type="stmt"/>
          <line num="53" count="1" type="stmt"/>
          <line num="58" count="0" type="stmt"/>
          <line num="59" count="0" type="stmt"/>
          <line num="60" count="0" type="stmt"/>
          <line num="71" count="1" type="stmt"/>
          <line num="74" count="1" type="stmt"/>
          <line num="75" count="14" type="cond" truecount="2" falsecount="0"/>
          <line num="78" count="1" type="stmt"/>
          <line num="79" count="2" type="stmt"/>
          <line num="80" count="2" type="stmt"/>
          <line num="81" count="4" type="stmt"/>
          <line num="82" count="4" type="cond" truecount="1" falsecount="1"/>
          <line num="83" count="0" type="stmt"/>
          <line num="85" count="4" type="stmt"/>
          <line num="87" count="2" type="stmt"/>
          <line num="90" count="1" type="stmt"/>
          <line num="91" count="12" type="cond" truecount="2" falsecount="0"/>
          <line num="92" count="4" type="cond" truecount="1" falsecount="1"/>
          <line num="93" count="0" type="stmt"/>
          <line num="97" count="4" type="stmt"/>
          <line num="98" count="4" type="cond" truecount="2" falsecount="0"/>
          <line num="100" count="3" type="cond" truecount="1" falsecount="1"/>
          <line num="101" count="0" type="cond" truecount="0" falsecount="2"/>
          <line num="102" count="0" type="stmt"/>
          <line num="104" count="0" type="stmt"/>
          <line num="105" count="3" type="cond" truecount="2" falsecount="0"/>
          <line num="106" count="2" type="cond" truecount="1" falsecount="1"/>
          <line num="107" count="0" type="stmt"/>
          <line num="109" count="2" type="stmt"/>
          <line num="110" count="2" type="cond" truecount="1" falsecount="1"/>
          <line num="111" count="2" type="stmt"/>
          <line num="113" count="0" type="stmt"/>
          <line num="114" count="1" type="cond" truecount="1" falsecount="1"/>
          <line num="116" count="0" type="stmt"/>
          <line num="119" count="2" type="stmt"/>
          <line num="122" count="8" type="cond" truecount="2" falsecount="0"/>
          <line num="123" count="4" type="stmt"/>
          <line num="124" count="4" type="cond" truecount="2" falsecount="0"/>
          <line num="125" count="1" type="stmt"/>
          <line num="126" count="3" type="cond" truecount="1" falsecount="1"/>
          <line num="127" count="3" type="stmt"/>
          <line num="131" count="1" type="stmt"/>
        </file>
      </package>
    </metrics>
  </project>
</coverage>
