<?xml version="1.0" encoding="UTF-8"?>
<coverage generated="1551994816476" clover="3.2.0">
  <project timestamp="1551994816476" name="All files">
    <metrics statements="377" coveredstatements="295" conditionals="232" coveredconditionals="148" methods="66" coveredmethods="60" elements="675" coveredelements="503" complexity="0" loc="377" ncloc="377" packages="2" files="2" classes="2">
      <package name="dist.src">
        <metrics statements="189" coveredstatements="148" conditionals="116" coveredconditionals="74" methods="33" coveredmethods="30"/>
        <file name="ZHRL.js" path="/Users/user/Documents/GitHub/tsc-ZHRL/dist/src/ZHRL.js">
          <metrics statements="189" coveredstatements="148" conditionals="116" coveredconditionals="74" methods="33" coveredmethods="30"/>
          <line num="2" count="1" type="stmt"/>
          <line num="4" count="1" type="stmt"/>
          <line num="13" count="2" type="stmt"/>
          <line num="14" count="2" type="stmt"/>
          <line num="15" count="2" type="stmt"/>
          <line num="16" count="2" type="stmt"/>
          <line num="19" count="2" type="stmt"/>
          <line num="20" count="2" type="cond" truecount="2" falsecount="0"/>
          <line num="21" count="1" type="stmt"/>
          <line num="23" count="1" type="cond" truecount="1" falsecount="1"/>
          <line num="24" count="1" type="stmt"/>
          <line num="28" count="0" type="stmt"/>
          <line num="32" count="1" type="stmt"/>
          <line num="36" count="14" type="stmt"/>
          <line num="37" count="14" type="stmt"/>
          <line num="40" count="8" type="cond" truecount="2" falsecount="0"/>
          <line num="41" count="7" type="stmt"/>
          <line num="44" count="1" type="stmt"/>
          <line num="48" count="1" type="stmt"/>
          <line num="50" count="0" type="cond" truecount="0" falsecount="2"/>
          <line num="52" count="1" type="stmt"/>
          <line num="59" count="9" type="stmt"/>
          <line num="60" count="9" type="stmt"/>
          <line num="61" count="9" type="stmt"/>
          <line num="64" count="4" type="stmt"/>
          <line num="67" count="1" type="stmt"/>
          <line num="73" count="8" type="stmt"/>
          <line num="74" count="8" type="stmt"/>
          <line num="75" count="8" type="stmt"/>
          <line num="78" count="5" type="stmt"/>
          <line num="79" count="7" type="stmt"/>
          <line num="80" count="5" type="cond" truecount="2" falsecount="0"/>
          <line num="81" count="2" type="cond" truecount="1" falsecount="1"/>
          <line num="82" count="2" type="stmt"/>
          <line num="84" count="0" type="stmt"/>
          <line num="86" count="3" type="stmt"/>
          <line num="87" count="3" type="cond" truecount="2" falsecount="0"/>
          <line num="88" count="1" type="stmt"/>
          <line num="90" count="2" type="stmt"/>
          <line num="91" count="2" type="stmt"/>
          <line num="92" count="3" type="stmt"/>
          <line num="94" count="2" type="stmt"/>
          <line num="97" count="1" type="stmt"/>
          <line num="100" count="8" type="stmt"/>
          <line num="103" count="1" type="stmt"/>
          <line num="105" count="8" type="stmt"/>
          <line num="107" count="1" type="stmt"/>
          <line num="108" count="1" type="stmt"/>
          <line num="109" count="1" type="stmt"/>
          <line num="110" count="1" type="stmt"/>
          <line num="111" count="2" type="cond" truecount="1" falsecount="1"/>
          <line num="112" count="0" type="stmt"/>
          <line num="114" count="2" type="stmt"/>
          <line num="115" count="2" type="stmt"/>
          <line num="116" count="2" type="cond" truecount="3" falsecount="1"/>
          <line num="117" count="0" type="stmt"/>
          <line num="119" count="2" type="stmt"/>
          <line num="121" count="1" type="stmt"/>
          <line num="122" count="0" type="cond" truecount="0" falsecount="2"/>
          <line num="123" count="0" type="stmt"/>
          <line num="125" count="0" type="stmt"/>
          <line num="126" count="0" type="stmt"/>
          <line num="127" count="0" type="cond" truecount="0" falsecount="4"/>
          <line num="128" count="0" type="stmt"/>
          <line num="130" count="0" type="stmt"/>
          <line num="132" count="1" type="stmt"/>
          <line num="133" count="1" type="cond" truecount="1" falsecount="1"/>
          <line num="134" count="0" type="stmt"/>
          <line num="136" count="1" type="stmt"/>
          <line num="137" count="1" type="stmt"/>
          <line num="138" count="1" type="cond" truecount="3" falsecount="1"/>
          <line num="139" count="0" type="stmt"/>
          <line num="141" count="1" type="stmt"/>
          <line num="143" count="1" type="stmt"/>
          <line num="144" count="0" type="cond" truecount="0" falsecount="2"/>
          <line num="145" count="0" type="stmt"/>
          <line num="147" count="0" type="stmt"/>
          <line num="148" count="0" type="stmt"/>
          <line num="149" count="0" type="cond" truecount="0" falsecount="4"/>
          <line num="150" count="0" type="stmt"/>
          <line num="152" count="0" type="cond" truecount="0" falsecount="2"/>
          <line num="153" count="0" type="stmt"/>
          <line num="155" count="0" type="stmt"/>
          <line num="157" count="1" type="stmt"/>
          <line num="158" count="2" type="cond" truecount="1" falsecount="1"/>
          <line num="159" count="0" type="stmt"/>
          <line num="161" count="2" type="stmt"/>
          <line num="162" count="2" type="stmt"/>
          <line num="163" count="2" type="cond" truecount="3" falsecount="1"/>
          <line num="164" count="0" type="stmt"/>
          <line num="166" count="2" type="cond" truecount="2" falsecount="0"/>
          <line num="167" count="1" type="stmt"/>
          <line num="170" count="1" type="stmt"/>
          <line num="173" count="1" type="stmt"/>
          <line num="174" count="1" type="cond" truecount="1" falsecount="1"/>
          <line num="175" count="0" type="stmt"/>
          <line num="177" count="1" type="stmt"/>
          <line num="178" count="1" type="stmt"/>
          <line num="179" count="1" type="cond" truecount="3" falsecount="1"/>
          <line num="180" count="0" type="stmt"/>
          <line num="182" count="1" type="cond" truecount="1" falsecount="1"/>
          <line num="183" count="1" type="stmt"/>
          <line num="186" count="0" type="stmt"/>
          <line num="189" count="1" type="stmt"/>
          <line num="190" count="1" type="stmt"/>
          <line num="192" count="1" type="stmt"/>
          <line num="193" count="1" type="stmt"/>
          <line num="196" count="2" type="stmt"/>
          <line num="198" count="1" type="stmt"/>
          <line num="201" count="5" type="stmt"/>
          <line num="202" count="5" type="stmt"/>
          <line num="203" count="5" type="stmt"/>
          <line num="206" count="1" type="stmt"/>
          <line num="208" count="5" type="cond" truecount="2" falsecount="0"/>
          <line num="210" count="1" type="stmt"/>
          <line num="211" count="1" type="stmt"/>
          <line num="214" count="34" type="cond" truecount="2" falsecount="0"/>
          <line num="216" count="1" type="stmt"/>
          <line num="219" count="5" type="stmt"/>
          <line num="220" count="5" type="stmt"/>
          <line num="221" count="7" type="stmt"/>
          <line num="222" count="7" type="cond" truecount="1" falsecount="1"/>
          <line num="223" count="0" type="stmt"/>
          <line num="225" count="7" type="stmt"/>
          <line num="227" count="5" type="stmt"/>
          <line num="229" count="1" type="stmt"/>
          <line num="231" count="3" type="stmt"/>
          <line num="232" count="4" type="stmt"/>
          <line num="233" count="6" type="cond" truecount="3" falsecount="1"/>
          <line num="234" count="0" type="stmt"/>
          <line num="238" count="3" type="stmt"/>
          <line num="240" count="1" type="stmt"/>
          <line num="242" count="4" type="cond" truecount="3" falsecount="1"/>
          <line num="243" count="0" type="stmt"/>
          <line num="245" count="4" type="stmt"/>
          <line num="246" count="4" type="cond" truecount="1" falsecount="1"/>
          <line num="247" count="0" type="stmt"/>
          <line num="249" count="4" type="stmt"/>
          <line num="251" count="1" type="stmt"/>
          <line num="253" count="4" type="cond" truecount="3" falsecount="1"/>
          <line num="254" count="0" type="stmt"/>
          <line num="256" count="4" type="stmt"/>
          <line num="258" count="1" type="stmt"/>
          <line num="261" count="24" type="cond" truecount="2" falsecount="0"/>
          <line num="262" count="8" type="cond" truecount="1" falsecount="1"/>
          <line num="263" count="0" type="stmt"/>
          <line num="266" count="8" type="stmt"/>
          <line num="267" count="8" type="cond" truecount="2" falsecount="0"/>
          <line num="269" count="7" type="cond" truecount="1" falsecount="1"/>
          <line num="270" count="0" type="cond" truecount="0" falsecount="2"/>
          <line num="271" count="0" type="stmt"/>
          <line num="273" count="0" type="stmt"/>
          <line num="275" count="7" type="cond" truecount="2" falsecount="0"/>
          <line num="276" count="2" type="cond" truecount="1" falsecount="1"/>
          <line num="277" count="0" type="stmt"/>
          <line num="279" count="2" type="stmt"/>
          <line num="280" count="2" type="cond" truecount="1" falsecount="1"/>
          <line num="281" count="2" type="stmt"/>
          <line num="283" count="0" type="stmt"/>
          <line num="285" count="5" type="cond" truecount="2" falsecount="0"/>
          <line num="288" count="3" type="stmt"/>
          <line num="289" count="3" type="stmt"/>
          <line num="290" count="3" type="stmt"/>
          <line num="291" count="3" type="stmt"/>
          <line num="292" count="3" type="cond" truecount="1" falsecount="1"/>
          <line num="293" count="0" type="stmt"/>
          <line num="296" count="3" type="cond" truecount="5" falsecount="1"/>
          <line num="297" count="0" type="stmt"/>
          <line num="300" count="3" type="stmt"/>
          <line num="301" count="3" type="stmt"/>
          <line num="306" count="3" type="stmt"/>
          <line num="309" count="16" type="cond" truecount="2" falsecount="0"/>
          <line num="310" count="8" type="stmt"/>
          <line num="312" count="8" type="cond" truecount="2" falsecount="0"/>
          <line num="313" count="1" type="stmt"/>
          <line num="315" count="7" type="cond" truecount="1" falsecount="1"/>
          <line num="316" count="7" type="stmt"/>
          <line num="319" count="1" type="stmt"/>
          <line num="323" count="29" type="cond" truecount="2" falsecount="0"/>
          <line num="324" count="3" type="stmt"/>
          <line num="326" count="26" type="cond" truecount="2" falsecount="0"/>
          <line num="327" count="7" type="stmt"/>
          <line num="329" count="19" type="cond" truecount="1" falsecount="1"/>
          <line num="331" count="19" type="stmt"/>
          <line num="334" count="1" type="stmt"/>
          <line num="337" count="3" type="stmt"/>
          <line num="339" count="1" type="stmt"/>
          <line num="341" count="2" type="stmt"/>
          <line num="343" count="1" type="stmt"/>
        </file>
      </package>
      <package name="src">
        <metrics statements="188" coveredstatements="147" conditionals="116" coveredconditionals="74" methods="33" coveredmethods="30"/>
        <file name="ZHRL.ts" path="/Users/user/Documents/GitHub/tsc-ZHRL/src/ZHRL.ts">
          <metrics statements="188" coveredstatements="147" conditionals="116" coveredconditionals="74" methods="33" coveredmethods="30"/>
          <line num="1" count="2" type="cond" truecount="2" falsecount="0"/>
          <line num="11" count="2" type="stmt"/>
          <line num="16" count="4" type="stmt"/>
          <line num="17" count="4" type="stmt"/>
          <line num="18" count="4" type="stmt"/>
          <line num="19" count="4" type="stmt"/>
          <line num="23" count="4" type="stmt"/>
          <line num="24" count="4" type="cond" truecount="2" falsecount="0"/>
          <line num="25" count="2" type="stmt"/>
          <line num="26" count="2" type="cond" truecount="1" falsecount="1"/>
          <line num="27" count="2" type="stmt"/>
          <line num="30" count="0" type="stmt"/>
          <line num="36" count="2" type="stmt"/>
          <line num="39" count="28" type="stmt"/>
          <line num="40" count="28" type="stmt"/>
          <line num="44" count="16" type="cond" truecount="2" falsecount="0"/>
          <line num="45" count="14" type="stmt"/>
          <line num="47" count="2" type="stmt"/>
          <line num="51" count="2" type="stmt"/>
          <line num="52" count="0" type="cond" truecount="0" falsecount="2"/>
          <line num="58" count="2" type="stmt"/>
          <line num="62" count="18" type="stmt"/>
          <line num="63" count="18" type="stmt"/>
          <line num="64" count="18" type="stmt"/>
          <line num="68" count="8" type="stmt"/>
          <line num="75" count="2" type="stmt"/>
          <line num="79" count="16" type="stmt"/>
          <line num="80" count="16" type="stmt"/>
          <line num="81" count="16" type="stmt"/>
          <line num="85" count="10" type="stmt"/>
          <line num="86" count="14" type="stmt"/>
          <line num="87" count="10" type="cond" truecount="2" falsecount="0"/>
          <line num="88" count="4" type="cond" truecount="1" falsecount="1"/>
          <line num="89" count="4" type="stmt"/>
          <line num="91" count="0" type="stmt"/>
          <line num="93" count="6" type="stmt"/>
          <line num="94" count="6" type="cond" truecount="2" falsecount="0"/>
          <line num="95" count="2" type="stmt"/>
          <line num="98" count="4" type="stmt"/>
          <line num="99" count="4" type="stmt"/>
          <line num="100" count="6" type="stmt"/>
          <line num="102" count="4" type="stmt"/>
          <line num="106" count="2" type="stmt"/>
          <line num="109" count="16" type="stmt"/>
          <line num="112" count="2" type="stmt"/>
          <line num="113" count="16" type="stmt"/>
          <line num="120" count="2" type="stmt"/>
          <line num="121" count="2" type="stmt"/>
          <line num="122" count="2" type="stmt"/>
          <line num="123" count="4" type="cond" truecount="1" falsecount="1"/>
          <line num="124" count="0" type="stmt"/>
          <line num="126" count="4" type="stmt"/>
          <line num="127" count="4" type="stmt"/>
          <line num="128" count="4" type="cond" truecount="3" falsecount="1"/>
          <line num="129" count="0" type="stmt"/>
          <line num="131" count="4" type="stmt"/>
          <line num="133" count="2" type="stmt"/>
          <line num="134" count="0" type="cond" truecount="0" falsecount="2"/>
          <line num="135" count="0" type="stmt"/>
          <line num="137" count="0" type="stmt"/>
          <line num="138" count="0" type="stmt"/>
          <line num="139" count="0" type="cond" truecount="0" falsecount="4"/>
          <line num="140" count="0" type="stmt"/>
          <line num="142" count="0" type="stmt"/>
          <line num="144" count="2" type="stmt"/>
          <line num="145" count="2" type="cond" truecount="1" falsecount="1"/>
          <line num="146" count="0" type="stmt"/>
          <line num="148" count="2" type="stmt"/>
          <line num="149" count="2" type="stmt"/>
          <line num="150" count="2" type="cond" truecount="3" falsecount="1"/>
          <line num="151" count="0" type="stmt"/>
          <line num="153" count="2" type="stmt"/>
          <line num="155" count="2" type="stmt"/>
          <line num="156" count="0" type="cond" truecount="0" falsecount="2"/>
          <line num="157" count="0" type="stmt"/>
          <line num="159" count="0" type="stmt"/>
          <line num="160" count="0" type="stmt"/>
          <line num="161" count="0" type="cond" truecount="0" falsecount="4"/>
          <line num="162" count="0" type="stmt"/>
          <line num="164" count="0" type="cond" truecount="0" falsecount="2"/>
          <line num="165" count="0" type="stmt"/>
          <line num="167" count="0" type="stmt"/>
          <line num="169" count="2" type="stmt"/>
          <line num="170" count="4" type="cond" truecount="1" falsecount="1"/>
          <line num="171" count="0" type="stmt"/>
          <line num="173" count="4" type="stmt"/>
          <line num="174" count="4" type="stmt"/>
          <line num="175" count="4" type="cond" truecount="3" falsecount="1"/>
          <line num="176" count="0" type="stmt"/>
          <line num="178" count="4" type="cond" truecount="2" falsecount="0"/>
          <line num="179" count="2" type="stmt"/>
          <line num="181" count="2" type="stmt"/>
          <line num="184" count="2" type="stmt"/>
          <line num="185" count="2" type="cond" truecount="1" falsecount="1"/>
          <line num="186" count="0" type="stmt"/>
          <line num="188" count="2" type="stmt"/>
          <line num="189" count="2" type="stmt"/>
          <line num="190" count="2" type="cond" truecount="3" falsecount="1"/>
          <line num="191" count="0" type="stmt"/>
          <line num="193" count="2" type="cond" truecount="1" falsecount="1"/>
          <line num="194" count="2" type="stmt"/>
          <line num="196" count="0" type="stmt"/>
          <line num="199" count="2" type="stmt"/>
          <line num="200" count="2" type="stmt"/>
          <line num="202" count="2" type="stmt"/>
          <line num="203" count="2" type="stmt"/>
          <line num="206" count="2" type="stmt"/>
          <line num="207" count="4" type="stmt"/>
          <line num="210" count="2" type="stmt"/>
          <line num="215" count="10" type="stmt"/>
          <line num="216" count="10" type="stmt"/>
          <line num="217" count="10" type="stmt"/>
          <line num="220" count="2" type="stmt"/>
          <line num="221" count="10" type="cond" truecount="2" falsecount="0"/>
          <line num="232" count="2" type="stmt"/>
          <line num="236" count="2" type="stmt"/>
          <line num="237" count="68" type="cond" truecount="2" falsecount="0"/>
          <line num="241" count="2" type="stmt"/>
          <line num="242" count="10" type="stmt"/>
          <line num="243" count="10" type="stmt"/>
          <line num="244" count="14" type="stmt"/>
          <line num="245" count="14" type="cond" truecount="1" falsecount="1"/>
          <line num="246" count="0" type="stmt"/>
          <line num="248" count="14" type="stmt"/>
          <line num="250" count="10" type="stmt"/>
          <line num="253" count="2" type="stmt"/>
          <line num="254" count="6" type="stmt"/>
          <line num="255" count="8" type="stmt"/>
          <line num="256" count="12" type="cond" truecount="3" falsecount="1"/>
          <line num="257" count="0" type="stmt"/>
          <line num="261" count="6" type="stmt"/>
          <line num="264" count="2" type="stmt"/>
          <line num="265" count="8" type="cond" truecount="3" falsecount="1"/>
          <line num="266" count="0" type="stmt"/>
          <line num="268" count="8" type="stmt"/>
          <line num="269" count="8" type="cond" truecount="1" falsecount="1"/>
          <line num="270" count="0" type="stmt"/>
          <line num="272" count="8" type="stmt"/>
          <line num="275" count="2" type="stmt"/>
          <line num="276" count="8" type="cond" truecount="3" falsecount="1"/>
          <line num="277" count="0" type="stmt"/>
          <line num="279" count="8" type="stmt"/>
          <line num="283" count="2" type="stmt"/>
          <line num="284" count="48" type="cond" truecount="2" falsecount="0"/>
          <line num="285" count="16" type="cond" truecount="1" falsecount="1"/>
          <line num="286" count="0" type="stmt"/>
          <line num="290" count="16" type="stmt"/>
          <line num="291" count="16" type="cond" truecount="2" falsecount="0"/>
          <line num="293" count="14" type="cond" truecount="1" falsecount="1"/>
          <line num="294" count="0" type="cond" truecount="0" falsecount="2"/>
          <line num="295" count="0" type="stmt"/>
          <line num="297" count="0" type="stmt"/>
          <line num="298" count="14" type="cond" truecount="2" falsecount="0"/>
          <line num="299" count="4" type="cond" truecount="1" falsecount="1"/>
          <line num="300" count="0" type="stmt"/>
          <line num="302" count="4" type="stmt"/>
          <line num="303" count="4" type="cond" truecount="1" falsecount="1"/>
          <line num="304" count="4" type="stmt"/>
          <line num="306" count="0" type="stmt"/>
          <line num="307" count="10" type="cond" truecount="2" falsecount="0"/>
          <line num="311" count="6" type="stmt"/>
          <line num="312" count="6" type="stmt"/>
          <line num="313" count="6" type="stmt"/>
          <line num="314" count="6" type="stmt"/>
          <line num="316" count="6" type="cond" truecount="1" falsecount="1"/>
          <line num="317" count="0" type="stmt"/>
          <line num="320" count="6" type="cond" truecount="5" falsecount="1"/>
          <line num="321" count="0" type="stmt"/>
          <line num="324" count="6" type="stmt"/>
          <line num="325" count="6" type="stmt"/>
          <line num="330" count="6" type="stmt"/>
          <line num="333" count="32" type="cond" truecount="2" falsecount="0"/>
          <line num="334" count="16" type="stmt"/>
          <line num="335" count="16" type="cond" truecount="2" falsecount="0"/>
          <line num="336" count="2" type="stmt"/>
          <line num="337" count="14" type="cond" truecount="1" falsecount="1"/>
          <line num="338" count="14" type="stmt"/>
          <line num="343" count="2" type="stmt"/>
          <line num="345" count="58" type="cond" truecount="2" falsecount="0"/>
          <line num="346" count="6" type="stmt"/>
          <line num="347" count="52" type="cond" truecount="2" falsecount="0"/>
          <line num="348" count="14" type="stmt"/>
          <line num="349" count="38" type="cond" truecount="1" falsecount="1"/>
          <line num="351" count="38" type="stmt"/>
          <line num="356" count="2" type="stmt"/>
          <line num="357" count="6" type="stmt"/>
          <line num="360" count="2" type="stmt"/>
          <line num="361" count="4" type="stmt"/>
        </file>
      </package>
    </metrics>
  </project>
</coverage>
