{"/home/blazingkin/Documents/Code/CalPoly/tsc-ZHRL/dist/src/ZHRL.js": {"path":"/home/blazingkin/Documents/Code/CalPoly/tsc-ZHRL/dist/src/ZHRL.js","statementMap":{"0":{"start":{"line":2,"column":0},"end":{"line":2,"column":62}},"1":{"start":{"line":4,"column":0},"end":{"line":199,"column":47}},"2":{"start":{"line":13,"column":12},"end":{"line":13,"column":20}},"3":{"start":{"line":14,"column":12},"end":{"line":14,"column":34}},"4":{"start":{"line":15,"column":12},"end":{"line":15,"column":27}},"5":{"start":{"line":16,"column":12},"end":{"line":16,"column":28}},"6":{"start":{"line":19,"column":38},"end":{"line":19,"column":65}},"7":{"start":{"line":20,"column":12},"end":{"line":29,"column":13}},"8":{"start":{"line":21,"column":16},"end":{"line":21,"column":46}},"9":{"start":{"line":23,"column":17},"end":{"line":29,"column":13}},"10":{"start":{"line":24,"column":16},"end":{"line":24,"column":46}},"11":{"start":{"line":28,"column":16},"end":{"line":28,"column":100}},"12":{"start":{"line":32,"column":4},"end":{"line":32,"column":19}},"13":{"start":{"line":36,"column":12},"end":{"line":36,"column":20}},"14":{"start":{"line":37,"column":12},"end":{"line":37,"column":30}},"15":{"start":{"line":40,"column":12},"end":{"line":45,"column":13}},"16":{"start":{"line":41,"column":16},"end":{"line":41,"column":44}},"17":{"start":{"line":44,"column":16},"end":{"line":44,"column":75}},"18":{"start":{"line":48,"column":4},"end":{"line":48,"column":19}},"19":{"start":{"line":50,"column":8},"end":{"line":50,"column":73}},"20":{"start":{"line":52,"column":4},"end":{"line":52,"column":23}},"21":{"start":{"line":59,"column":12},"end":{"line":59,"column":20}},"22":{"start":{"line":60,"column":12},"end":{"line":60,"column":34}},"23":{"start":{"line":61,"column":12},"end":{"line":61,"column":27}},"24":{"start":{"line":64,"column":12},"end":{"line":64,"column":39}},"25":{"start":{"line":67,"column":4},"end":{"line":67,"column":21}},"26":{"start":{"line":73,"column":12},"end":{"line":73,"column":20}},"27":{"start":{"line":74,"column":12},"end":{"line":74,"column":31}},"28":{"start":{"line":75,"column":12},"end":{"line":75,"column":34}},"29":{"start":{"line":78,"column":12},"end":{"line":78,"column":39}},"30":{"start":{"line":79,"column":23},"end":{"line":79,"column":49}},"31":{"start":{"line":80,"column":12},"end":{"line":80,"column":30}},"32":{"start":{"line":81,"column":12},"end":{"line":83,"column":13}},"33":{"start":{"line":82,"column":16},"end":{"line":82,"column":115}},"34":{"start":{"line":84,"column":32},"end":{"line":84,"column":53}},"35":{"start":{"line":84,"column":39},"end":{"line":84,"column":53}},"36":{"start":{"line":85,"column":23},"end":{"line":85,"column":56}},"37":{"start":{"line":86,"column":12},"end":{"line":88,"column":13}},"38":{"start":{"line":87,"column":16},"end":{"line":87,"column":74}},"39":{"start":{"line":89,"column":25},"end":{"line":89,"column":37}},"40":{"start":{"line":90,"column":12},"end":{"line":92,"column":13}},"41":{"start":{"line":91,"column":16},"end":{"line":91,"column":50}},"42":{"start":{"line":93,"column":12},"end":{"line":93,"column":45}},"43":{"start":{"line":96,"column":4},"end":{"line":96,"column":21}},"44":{"start":{"line":97,"column":4},"end":{"line":97,"column":30}},"45":{"start":{"line":98,"column":4},"end":{"line":98,"column":31}},"46":{"start":{"line":100,"column":8},"end":{"line":100,"column":28}},"47":{"start":{"line":102,"column":4},"end":{"line":102,"column":27}},"48":{"start":{"line":105,"column":12},"end":{"line":105,"column":31}},"49":{"start":{"line":106,"column":12},"end":{"line":106,"column":39}},"50":{"start":{"line":107,"column":12},"end":{"line":107,"column":33}},"51":{"start":{"line":110,"column":4},"end":{"line":110,"column":21}},"52":{"start":{"line":112,"column":8},"end":{"line":112,"column":74}},"53":{"start":{"line":114,"column":4},"end":{"line":114,"column":25}},"54":{"start":{"line":115,"column":4},"end":{"line":115,"column":62}},"55":{"start":{"line":118,"column":8},"end":{"line":118,"column":69}},"56":{"start":{"line":120,"column":4},"end":{"line":120,"column":35}},"57":{"start":{"line":123,"column":21},"end":{"line":123,"column":23}},"58":{"start":{"line":124,"column":8},"end":{"line":130,"column":9}},"59":{"start":{"line":125,"column":24},"end":{"line":125,"column":31}},"60":{"start":{"line":126,"column":12},"end":{"line":128,"column":13}},"61":{"start":{"line":127,"column":16},"end":{"line":127,"column":84}},"62":{"start":{"line":129,"column":12},"end":{"line":129,"column":31}},"63":{"start":{"line":131,"column":8},"end":{"line":131,"column":22}},"64":{"start":{"line":133,"column":4},"end":{"line":133,"column":47}},"65":{"start":{"line":136,"column":8},"end":{"line":166,"column":9}},"66":{"start":{"line":137,"column":12},"end":{"line":139,"column":13}},"67":{"start":{"line":138,"column":16},"end":{"line":138,"column":83}},"68":{"start":{"line":141,"column":24},"end":{"line":141,"column":31}},"69":{"start":{"line":142,"column":12},"end":{"line":164,"column":13}},"70":{"start":{"line":144,"column":16},"end":{"line":163,"column":17}},"71":{"start":{"line":145,"column":20},"end":{"line":147,"column":21}},"72":{"start":{"line":146,"column":24},"end":{"line":146,"column":109}},"73":{"start":{"line":148,"column":20},"end":{"line":148,"column":83}},"74":{"start":{"line":150,"column":21},"end":{"line":163,"column":17}},"75":{"start":{"line":151,"column":20},"end":{"line":153,"column":21}},"76":{"start":{"line":152,"column":24},"end":{"line":152,"column":81}},"77":{"start":{"line":154,"column":31},"end":{"line":154,"column":38}},"78":{"start":{"line":155,"column":20},"end":{"line":157,"column":21}},"79":{"start":{"line":156,"column":24},"end":{"line":156,"column":81}},"80":{"start":{"line":158,"column":20},"end":{"line":158,"column":102}},"81":{"start":{"line":160,"column":21},"end":{"line":163,"column":17}},"82":{"start":{"line":162,"column":20},"end":{"line":162,"column":33}},"83":{"start":{"line":165,"column":12},"end":{"line":165,"column":68}},"84":{"start":{"line":168,"column":8},"end":{"line":176,"column":9}},"85":{"start":{"line":169,"column":12},"end":{"line":169,"column":33}},"86":{"start":{"line":171,"column":13},"end":{"line":176,"column":9}},"87":{"start":{"line":172,"column":12},"end":{"line":172,"column":24}},"88":{"start":{"line":174,"column":13},"end":{"line":176,"column":9}},"89":{"start":{"line":175,"column":12},"end":{"line":175,"column":24}},"90":{"start":{"line":178,"column":4},"end":{"line":178,"column":23}},"91":{"start":{"line":182,"column":8},"end":{"line":191,"column":9}},"92":{"start":{"line":183,"column":12},"end":{"line":183,"column":24}},"93":{"start":{"line":185,"column":13},"end":{"line":191,"column":9}},"94":{"start":{"line":186,"column":12},"end":{"line":186,"column":24}},"95":{"start":{"line":188,"column":13},"end":{"line":191,"column":9}},"96":{"start":{"line":190,"column":12},"end":{"line":190,"column":36}},"97":{"start":{"line":192,"column":8},"end":{"line":192,"column":18}},"98":{"start":{"line":194,"column":4},"end":{"line":194,"column":25}},"99":{"start":{"line":196,"column":8},"end":{"line":196,"column":52}},"100":{"start":{"line":198,"column":4},"end":{"line":198,"column":31}}},"fnMap":{"0":{"name":"(anonymous_0)","decl":{"start":{"line":4,"column":1},"end":{"line":4,"column":2}},"loc":{"start":{"line":4,"column":17},"end":{"line":199,"column":1}},"line":4},"1":{"name":"(anonymous_1)","decl":{"start":{"line":12,"column":8},"end":{"line":12,"column":9}},"loc":{"start":{"line":12,"column":35},"end":{"line":17,"column":9}},"line":12},"2":{"name":"(anonymous_2)","decl":{"start":{"line":18,"column":8},"end":{"line":18,"column":9}},"loc":{"start":{"line":18,"column":20},"end":{"line":30,"column":9}},"line":18},"3":{"name":"(anonymous_3)","decl":{"start":{"line":35,"column":8},"end":{"line":35,"column":9}},"loc":{"start":{"line":35,"column":25},"end":{"line":38,"column":9}},"line":35},"4":{"name":"(anonymous_4)","decl":{"start":{"line":39,"column":8},"end":{"line":39,"column":9}},"loc":{"start":{"line":39,"column":20},"end":{"line":46,"column":9}},"line":39},"5":{"name":"isIdC","decl":{"start":{"line":49,"column":13},"end":{"line":49,"column":18}},"loc":{"start":{"line":49,"column":24},"end":{"line":51,"column":5}},"line":49},"6":{"name":"(anonymous_6)","decl":{"start":{"line":58,"column":8},"end":{"line":58,"column":9}},"loc":{"start":{"line":58,"column":29},"end":{"line":62,"column":9}},"line":58},"7":{"name":"(anonymous_7)","decl":{"start":{"line":63,"column":8},"end":{"line":63,"column":9}},"loc":{"start":{"line":63,"column":20},"end":{"line":65,"column":9}},"line":63},"8":{"name":"(anonymous_8)","decl":{"start":{"line":72,"column":8},"end":{"line":72,"column":9}},"loc":{"start":{"line":72,"column":30},"end":{"line":76,"column":9}},"line":72},"9":{"name":"(anonymous_9)","decl":{"start":{"line":77,"column":8},"end":{"line":77,"column":9}},"loc":{"start":{"line":77,"column":20},"end":{"line":94,"column":9}},"line":77},"10":{"name":"(anonymous_10)","decl":{"start":{"line":84,"column":32},"end":{"line":84,"column":33}},"loc":{"start":{"line":84,"column":39},"end":{"line":84,"column":53}},"line":84},"11":{"name":"copyEnv","decl":{"start":{"line":99,"column":13},"end":{"line":99,"column":20}},"loc":{"start":{"line":99,"column":26},"end":{"line":101,"column":5}},"line":99},"12":{"name":"(anonymous_12)","decl":{"start":{"line":104,"column":8},"end":{"line":104,"column":9}},"loc":{"start":{"line":104,"column":34},"end":{"line":108,"column":9}},"line":104},"13":{"name":"isCloV","decl":{"start":{"line":111,"column":13},"end":{"line":111,"column":19}},"loc":{"start":{"line":111,"column":25},"end":{"line":113,"column":5}},"line":111},"14":{"name":"isSexpArray","decl":{"start":{"line":117,"column":13},"end":{"line":117,"column":24}},"loc":{"start":{"line":117,"column":31},"end":{"line":119,"column":5}},"line":117},"15":{"name":"assertStringArray","decl":{"start":{"line":122,"column":13},"end":{"line":122,"column":30}},"loc":{"start":{"line":122,"column":37},"end":{"line":132,"column":5}},"line":122},"16":{"name":"parse","decl":{"start":{"line":135,"column":13},"end":{"line":135,"column":18}},"loc":{"start":{"line":135,"column":25},"end":{"line":177,"column":5}},"line":135},"17":{"name":"interp","decl":{"start":{"line":180,"column":13},"end":{"line":180,"column":19}},"loc":{"start":{"line":180,"column":31},"end":{"line":193,"column":5}},"line":180},"18":{"name":"topInterp","decl":{"start":{"line":195,"column":13},"end":{"line":195,"column":22}},"loc":{"start":{"line":195,"column":30},"end":{"line":197,"column":5}},"line":195}},"branchMap":{"0":{"loc":{"start":{"line":20,"column":12},"end":{"line":29,"column":13}},"type":"if","locations":[{"start":{"line":20,"column":12},"end":{"line":29,"column":13}},{"start":{"line":20,"column":12},"end":{"line":29,"column":13}}],"line":20},"1":{"loc":{"start":{"line":23,"column":17},"end":{"line":29,"column":13}},"type":"if","locations":[{"start":{"line":23,"column":17},"end":{"line":29,"column":13}},{"start":{"line":23,"column":17},"end":{"line":29,"column":13}}],"line":23},"2":{"loc":{"start":{"line":40,"column":12},"end":{"line":45,"column":13}},"type":"if","locations":[{"start":{"line":40,"column":12},"end":{"line":45,"column":13}},{"start":{"line":40,"column":12},"end":{"line":45,"column":13}}],"line":40},"3":{"loc":{"start":{"line":50,"column":15},"end":{"line":50,"column":72}},"type":"binary-expr","locations":[{"start":{"line":50,"column":15},"end":{"line":50,"column":38}},{"start":{"line":50,"column":42},"end":{"line":50,"column":72}}],"line":50},"4":{"loc":{"start":{"line":81,"column":12},"end":{"line":83,"column":13}},"type":"if","locations":[{"start":{"line":81,"column":12},"end":{"line":83,"column":13}},{"start":{"line":81,"column":12},"end":{"line":83,"column":13}}],"line":81},"5":{"loc":{"start":{"line":86,"column":12},"end":{"line":88,"column":13}},"type":"if","locations":[{"start":{"line":86,"column":12},"end":{"line":88,"column":13}},{"start":{"line":86,"column":12},"end":{"line":88,"column":13}}],"line":86},"6":{"loc":{"start":{"line":112,"column":15},"end":{"line":112,"column":73}},"type":"binary-expr","locations":[{"start":{"line":112,"column":15},"end":{"line":112,"column":38}},{"start":{"line":112,"column":42},"end":{"line":112,"column":73}}],"line":112},"7":{"loc":{"start":{"line":118,"column":15},"end":{"line":118,"column":68}},"type":"binary-expr","locations":[{"start":{"line":118,"column":15},"end":{"line":118,"column":39}},{"start":{"line":118,"column":43},"end":{"line":118,"column":68}}],"line":118},"8":{"loc":{"start":{"line":126,"column":12},"end":{"line":128,"column":13}},"type":"if","locations":[{"start":{"line":126,"column":12},"end":{"line":128,"column":13}},{"start":{"line":126,"column":12},"end":{"line":128,"column":13}}],"line":126},"9":{"loc":{"start":{"line":136,"column":8},"end":{"line":166,"column":9}},"type":"if","locations":[{"start":{"line":136,"column":8},"end":{"line":166,"column":9}},{"start":{"line":136,"column":8},"end":{"line":166,"column":9}}],"line":136},"10":{"loc":{"start":{"line":137,"column":12},"end":{"line":139,"column":13}},"type":"if","locations":[{"start":{"line":137,"column":12},"end":{"line":139,"column":13}},{"start":{"line":137,"column":12},"end":{"line":139,"column":13}}],"line":137},"11":{"loc":{"start":{"line":142,"column":12},"end":{"line":164,"column":13}},"type":"if","locations":[{"start":{"line":142,"column":12},"end":{"line":164,"column":13}},{"start":{"line":142,"column":12},"end":{"line":164,"column":13}}],"line":142},"12":{"loc":{"start":{"line":144,"column":16},"end":{"line":163,"column":17}},"type":"if","locations":[{"start":{"line":144,"column":16},"end":{"line":163,"column":17}},{"start":{"line":144,"column":16},"end":{"line":163,"column":17}}],"line":144},"13":{"loc":{"start":{"line":145,"column":20},"end":{"line":147,"column":21}},"type":"if","locations":[{"start":{"line":145,"column":20},"end":{"line":147,"column":21}},{"start":{"line":145,"column":20},"end":{"line":147,"column":21}}],"line":145},"14":{"loc":{"start":{"line":150,"column":21},"end":{"line":163,"column":17}},"type":"if","locations":[{"start":{"line":150,"column":21},"end":{"line":163,"column":17}},{"start":{"line":150,"column":21},"end":{"line":163,"column":17}}],"line":150},"15":{"loc":{"start":{"line":151,"column":20},"end":{"line":153,"column":21}},"type":"if","locations":[{"start":{"line":151,"column":20},"end":{"line":153,"column":21}},{"start":{"line":151,"column":20},"end":{"line":153,"column":21}}],"line":151},"16":{"loc":{"start":{"line":155,"column":20},"end":{"line":157,"column":21}},"type":"if","locations":[{"start":{"line":155,"column":20},"end":{"line":157,"column":21}},{"start":{"line":155,"column":20},"end":{"line":157,"column":21}}],"line":155},"17":{"loc":{"start":{"line":160,"column":21},"end":{"line":163,"column":17}},"type":"if","locations":[{"start":{"line":160,"column":21},"end":{"line":163,"column":17}},{"start":{"line":160,"column":21},"end":{"line":163,"column":17}}],"line":160},"18":{"loc":{"start":{"line":168,"column":8},"end":{"line":176,"column":9}},"type":"if","locations":[{"start":{"line":168,"column":8},"end":{"line":176,"column":9}},{"start":{"line":168,"column":8},"end":{"line":176,"column":9}}],"line":168},"19":{"loc":{"start":{"line":171,"column":13},"end":{"line":176,"column":9}},"type":"if","locations":[{"start":{"line":171,"column":13},"end":{"line":176,"column":9}},{"start":{"line":171,"column":13},"end":{"line":176,"column":9}}],"line":171},"20":{"loc":{"start":{"line":174,"column":13},"end":{"line":176,"column":9}},"type":"if","locations":[{"start":{"line":174,"column":13},"end":{"line":176,"column":9}},{"start":{"line":174,"column":13},"end":{"line":176,"column":9}}],"line":174},"21":{"loc":{"start":{"line":182,"column":8},"end":{"line":191,"column":9}},"type":"if","locations":[{"start":{"line":182,"column":8},"end":{"line":191,"column":9}},{"start":{"line":182,"column":8},"end":{"line":191,"column":9}}],"line":182},"22":{"loc":{"start":{"line":185,"column":13},"end":{"line":191,"column":9}},"type":"if","locations":[{"start":{"line":185,"column":13},"end":{"line":191,"column":9}},{"start":{"line":185,"column":13},"end":{"line":191,"column":9}}],"line":185},"23":{"loc":{"start":{"line":188,"column":13},"end":{"line":191,"column":9}},"type":"if","locations":[{"start":{"line":188,"column":13},"end":{"line":191,"column":9}},{"start":{"line":188,"column":13},"end":{"line":191,"column":9}}],"line":188},"24":{"loc":{"start":{"line":199,"column":10},"end":{"line":199,"column":45}},"type":"binary-expr","locations":[{"start":{"line":199,"column":10},"end":{"line":199,"column":22}},{"start":{"line":199,"column":27},"end":{"line":199,"column":44}}],"line":199}},"s":{"0":1,"1":1,"2":2,"3":2,"4":2,"5":2,"6":2,"7":2,"8":1,"9":1,"10":1,"11":0,"12":1,"13":6,"14":6,"15":4,"16":3,"17":1,"18":1,"19":0,"20":1,"21":3,"22":3,"23":3,"24":1,"25":1,"26":1,"27":1,"28":1,"29":1,"30":1,"31":1,"32":1,"33":0,"34":1,"35":1,"36":1,"37":1,"38":0,"39":1,"40":1,"41":1,"42":1,"43":1,"44":1,"45":1,"46":1,"47":1,"48":1,"49":1,"50":1,"51":1,"52":1,"53":1,"54":1,"55":10,"56":1,"57":2,"58":2,"59":3,"60":3,"61":0,"62":3,"63":2,"64":1,"65":8,"66":3,"67":0,"68":3,"69":3,"70":2,"71":0,"72":0,"73":0,"74":2,"75":2,"76":0,"77":2,"78":2,"79":2,"80":0,"81":0,"82":0,"83":1,"84":5,"85":2,"86":3,"87":1,"88":2,"89":2,"90":1,"91":15,"92":3,"93":12,"94":4,"95":8,"96":8,"97":0,"98":1,"99":1,"100":1},"f":{"0":1,"1":2,"2":2,"3":6,"4":4,"5":0,"6":3,"7":1,"8":1,"9":1,"10":1,"11":1,"12":1,"13":1,"14":10,"15":2,"16":8,"17":15,"18":1},"b":{"0":[1,1],"1":[1,0],"2":[3,1],"3":[0,0],"4":[0,1],"5":[0,1],"6":[1,1],"7":[10,5],"8":[0,3],"9":[3,5],"10":[0,3],"11":[2,1],"12":[0,2],"13":[0,0],"14":[2,0],"15":[0,2],"16":[2,0],"17":[0,0],"18":[2,3],"19":[1,2],"20":[2,0],"21":[3,12],"22":[4,8],"23":[8,0],"24":[1,1]},"_coverageSchema":"332fd63041d2c1bcb487cc26dd0d5f7d97098a6c","hash":"c028d2f687075c49d49c262f91f2d53dedd52024"}
,"/home/blazingkin/Documents/Code/CalPoly/tsc-ZHRL/src/ZHRL.ts": {"path":"/home/blazingkin/Documents/Code/CalPoly/tsc-ZHRL/src/ZHRL.ts","statementMap":{"0":{"start":{"line":1,"column":0},"end":{"line":220,"column":1}},"1":{"start":{"line":16,"column":12},"end":{"line":16,"column":20}},"2":{"start":{"line":17,"column":12},"end":{"line":17,"column":34}},"3":{"start":{"line":18,"column":12},"end":{"line":18,"column":27}},"4":{"start":{"line":19,"column":12},"end":{"line":19,"column":28}},"5":{"start":{"line":23,"column":38},"end":{"line":23,"column":65}},"6":{"start":{"line":24,"column":12},"end":{"line":31,"column":13}},"7":{"start":{"line":25,"column":16},"end":{"line":25,"column":46}},"8":{"start":{"line":26,"column":19},"end":{"line":31,"column":13}},"9":{"start":{"line":27,"column":16},"end":{"line":27,"column":46}},"10":{"start":{"line":30,"column":16},"end":{"line":30,"column":100}},"11":{"start":{"line":11,"column":17},"end":{"line":33,"column":5}},"12":{"start":{"line":39,"column":12},"end":{"line":39,"column":20}},"13":{"start":{"line":40,"column":12},"end":{"line":40,"column":30}},"14":{"start":{"line":44,"column":12},"end":{"line":48,"column":13}},"15":{"start":{"line":45,"column":16},"end":{"line":45,"column":44}},"16":{"start":{"line":47,"column":16},"end":{"line":47,"column":75}},"17":{"start":{"line":36,"column":17},"end":{"line":50,"column":5}},"18":{"start":{"line":52,"column":8},"end":{"line":52,"column":73}},"19":{"start":{"line":51,"column":20},"end":{"line":53,"column":5}},"20":{"start":{"line":62,"column":12},"end":{"line":62,"column":20}},"21":{"start":{"line":63,"column":12},"end":{"line":63,"column":34}},"22":{"start":{"line":64,"column":12},"end":{"line":64,"column":27}},"23":{"start":{"line":68,"column":12},"end":{"line":68,"column":39}},"24":{"start":{"line":58,"column":17},"end":{"line":70,"column":5}},"25":{"start":{"line":79,"column":12},"end":{"line":79,"column":20}},"26":{"start":{"line":80,"column":12},"end":{"line":80,"column":31}},"27":{"start":{"line":81,"column":12},"end":{"line":81,"column":34}},"28":{"start":{"line":85,"column":12},"end":{"line":85,"column":39}},"29":{"start":{"line":86,"column":23},"end":{"line":86,"column":49}},"30":{"start":{"line":87,"column":12},"end":{"line":87,"column":30}},"31":{"start":{"line":88,"column":12},"end":{"line":90,"column":13}},"32":{"start":{"line":89,"column":16},"end":{"line":89,"column":115}},"33":{"start":{"line":91,"column":32},"end":{"line":91,"column":61}},"34":{"start":{"line":91,"column":47},"end":{"line":91,"column":61}},"35":{"start":{"line":92,"column":23},"end":{"line":92,"column":56}},"36":{"start":{"line":93,"column":12},"end":{"line":95,"column":13}},"37":{"start":{"line":94,"column":16},"end":{"line":94,"column":74}},"38":{"start":{"line":97,"column":25},"end":{"line":97,"column":37}},"39":{"start":{"line":98,"column":12},"end":{"line":100,"column":13}},"40":{"start":{"line":99,"column":16},"end":{"line":99,"column":50}},"41":{"start":{"line":101,"column":12},"end":{"line":101,"column":45}},"42":{"start":{"line":75,"column":17},"end":{"line":103,"column":5}},"43":{"start":{"line":109,"column":15},"end":{"line":109,"column":51}},"44":{"start":{"line":110,"column":15},"end":{"line":110,"column":52}},"45":{"start":{"line":113,"column":8},"end":{"line":113,"column":28}},"46":{"start":{"line":112,"column":20},"end":{"line":114,"column":5}},"47":{"start":{"line":121,"column":12},"end":{"line":121,"column":31}},"48":{"start":{"line":122,"column":12},"end":{"line":122,"column":39}},"49":{"start":{"line":123,"column":12},"end":{"line":123,"column":33}},"50":{"start":{"line":116,"column":17},"end":{"line":125,"column":5}},"51":{"start":{"line":127,"column":8},"end":{"line":127,"column":74}},"52":{"start":{"line":126,"column":20},"end":{"line":128,"column":5}},"53":{"start":{"line":138,"column":15},"end":{"line":138,"column":75}},"54":{"start":{"line":143,"column":8},"end":{"line":143,"column":69}},"55":{"start":{"line":142,"column":20},"end":{"line":144,"column":5}},"56":{"start":{"line":148,"column":32},"end":{"line":148,"column":34}},"57":{"start":{"line":149,"column":8},"end":{"line":155,"column":9}},"58":{"start":{"line":150,"column":31},"end":{"line":150,"column":38}},"59":{"start":{"line":151,"column":12},"end":{"line":153,"column":13}},"60":{"start":{"line":152,"column":16},"end":{"line":152,"column":84}},"61":{"start":{"line":154,"column":12},"end":{"line":154,"column":31}},"62":{"start":{"line":156,"column":8},"end":{"line":156,"column":22}},"63":{"start":{"line":147,"column":20},"end":{"line":157,"column":5}},"64":{"start":{"line":161,"column":8},"end":{"line":190,"column":9}},"65":{"start":{"line":162,"column":12},"end":{"line":164,"column":13}},"66":{"start":{"line":163,"column":16},"end":{"line":163,"column":83}},"67":{"start":{"line":167,"column":31},"end":{"line":167,"column":38}},"68":{"start":{"line":168,"column":12},"end":{"line":188,"column":13}},"69":{"start":{"line":170,"column":16},"end":{"line":187,"column":17}},"70":{"start":{"line":171,"column":20},"end":{"line":173,"column":21}},"71":{"start":{"line":172,"column":24},"end":{"line":172,"column":109}},"72":{"start":{"line":174,"column":20},"end":{"line":174,"column":83}},"73":{"start":{"line":175,"column":23},"end":{"line":187,"column":17}},"74":{"start":{"line":176,"column":20},"end":{"line":178,"column":21}},"75":{"start":{"line":177,"column":24},"end":{"line":177,"column":81}},"76":{"start":{"line":179,"column":38},"end":{"line":179,"column":45}},"77":{"start":{"line":180,"column":20},"end":{"line":182,"column":21}},"78":{"start":{"line":181,"column":24},"end":{"line":181,"column":81}},"79":{"start":{"line":183,"column":20},"end":{"line":183,"column":102}},"80":{"start":{"line":184,"column":23},"end":{"line":187,"column":17}},"81":{"start":{"line":186,"column":20},"end":{"line":186,"column":33}},"82":{"start":{"line":189,"column":12},"end":{"line":189,"column":68}},"83":{"start":{"line":192,"column":8},"end":{"line":198,"column":9}},"84":{"start":{"line":193,"column":12},"end":{"line":193,"column":33}},"85":{"start":{"line":194,"column":15},"end":{"line":198,"column":9}},"86":{"start":{"line":195,"column":12},"end":{"line":195,"column":24}},"87":{"start":{"line":196,"column":15},"end":{"line":198,"column":9}},"88":{"start":{"line":197,"column":12},"end":{"line":197,"column":24}},"89":{"start":{"line":160,"column":20},"end":{"line":199,"column":5}},"90":{"start":{"line":205,"column":8},"end":{"line":212,"column":9}},"91":{"start":{"line":206,"column":12},"end":{"line":206,"column":24}},"92":{"start":{"line":207,"column":15},"end":{"line":212,"column":9}},"93":{"start":{"line":208,"column":12},"end":{"line":208,"column":24}},"94":{"start":{"line":209,"column":15},"end":{"line":212,"column":9}},"95":{"start":{"line":211,"column":12},"end":{"line":211,"column":36}},"96":{"start":{"line":213,"column":8},"end":{"line":213,"column":17}},"97":{"start":{"line":202,"column":20},"end":{"line":214,"column":5}},"98":{"start":{"line":217,"column":8},"end":{"line":217,"column":47}},"99":{"start":{"line":216,"column":20},"end":{"line":218,"column":5}}},"fnMap":{"0":{"name":"(anonymous_0)","decl":{"start":{"line":1,"column":0},"end":{"line":1,"column":16}},"loc":{"start":{"line":1,"column":21},"end":{"line":220,"column":1}}},"1":{"name":"(anonymous_1)","decl":{"start":{"line":15,"column":8},"end":{"line":15,"column":19}},"loc":{"start":{"line":15,"column":57},"end":{"line":20,"column":9}}},"2":{"name":"(anonymous_2)","decl":{"start":{"line":22,"column":8},"end":{"line":22,"column":13}},"loc":{"start":{"line":22,"column":24},"end":{"line":32,"column":9}}},"3":{"name":"(anonymous_3)","decl":{"start":{"line":38,"column":8},"end":{"line":38,"column":19}},"loc":{"start":{"line":38,"column":32},"end":{"line":41,"column":9}}},"4":{"name":"(anonymous_4)","decl":{"start":{"line":43,"column":8},"end":{"line":43,"column":13}},"loc":{"start":{"line":43,"column":24},"end":{"line":49,"column":9}}},"5":{"name":"isIdC","decl":{"start":{"line":51,"column":4},"end":{"line":51,"column":25}},"loc":{"start":{"line":51,"column":35},"end":{"line":53,"column":5}}},"6":{"name":"(anonymous_6)","decl":{"start":{"line":61,"column":8},"end":{"line":61,"column":19}},"loc":{"start":{"line":61,"column":46},"end":{"line":65,"column":9}}},"7":{"name":"(anonymous_7)","decl":{"start":{"line":67,"column":8},"end":{"line":67,"column":13}},"loc":{"start":{"line":67,"column":24},"end":{"line":69,"column":9}}},"8":{"name":"(anonymous_8)","decl":{"start":{"line":78,"column":8},"end":{"line":78,"column":19}},"loc":{"start":{"line":78,"column":45},"end":{"line":82,"column":9}}},"9":{"name":"(anonymous_9)","decl":{"start":{"line":84,"column":8},"end":{"line":84,"column":13}},"loc":{"start":{"line":84,"column":24},"end":{"line":102,"column":9}}},"10":{"name":"(anonymous_10)","decl":{"start":{"line":91,"column":32},"end":{"line":91,"column":33}},"loc":{"start":{"line":91,"column":47},"end":{"line":91,"column":61}}},"11":{"name":"copyEnv","decl":{"start":{"line":112,"column":4},"end":{"line":112,"column":27}},"loc":{"start":{"line":112,"column":37},"end":{"line":114,"column":5}}},"12":{"name":"(anonymous_12)","decl":{"start":{"line":120,"column":8},"end":{"line":120,"column":19}},"loc":{"start":{"line":120,"column":45},"end":{"line":124,"column":9}}},"13":{"name":"isCloV","decl":{"start":{"line":126,"column":4},"end":{"line":126,"column":26}},"loc":{"start":{"line":126,"column":36},"end":{"line":128,"column":5}}},"14":{"name":"isSexpArray","decl":{"start":{"line":142,"column":4},"end":{"line":142,"column":31}},"loc":{"start":{"line":142,"column":43},"end":{"line":144,"column":5}}},"15":{"name":"assertStringArray","decl":{"start":{"line":147,"column":4},"end":{"line":147,"column":37}},"loc":{"start":{"line":147,"column":54},"end":{"line":157,"column":5}}},"16":{"name":"parse","decl":{"start":{"line":160,"column":4},"end":{"line":160,"column":25}},"loc":{"start":{"line":160,"column":37},"end":{"line":199,"column":5}}},"17":{"name":"interp","decl":{"start":{"line":202,"column":4},"end":{"line":202,"column":26}},"loc":{"start":{"line":202,"column":50},"end":{"line":214,"column":5}}},"18":{"name":"topInterp","decl":{"start":{"line":216,"column":4},"end":{"line":216,"column":29}},"loc":{"start":{"line":216,"column":42},"end":{"line":218,"column":5}}}},"branchMap":{"0":{"loc":{"start":{"line":24,"column":12},"end":{"line":31,"column":13}},"type":"if","locations":[{"start":{"line":24,"column":12},"end":{"line":31,"column":13}},{"start":{"line":24,"column":12},"end":{"line":31,"column":13}}]},"1":{"loc":{"start":{"line":26,"column":19},"end":{"line":31,"column":13}},"type":"if","locations":[{"start":{"line":26,"column":19},"end":{"line":31,"column":13}},{"start":{"line":26,"column":19},"end":{"line":31,"column":13}}]},"2":{"loc":{"start":{"line":44,"column":12},"end":{"line":48,"column":13}},"type":"if","locations":[{"start":{"line":44,"column":12},"end":{"line":48,"column":13}},{"start":{"line":44,"column":12},"end":{"line":48,"column":13}}]},"3":{"loc":{"start":{"line":52,"column":15},"end":{"line":52,"column":38}},"type":"binary-expr","locations":[{"start":{"line":52,"column":15},"end":{"line":52,"column":38}},{"start":{"line":52,"column":42},"end":{"line":52,"column":72}}]},"4":{"loc":{"start":{"line":88,"column":12},"end":{"line":90,"column":13}},"type":"if","locations":[{"start":{"line":88,"column":12},"end":{"line":90,"column":13}},{"start":{"line":88,"column":12},"end":{"line":90,"column":13}}]},"5":{"loc":{"start":{"line":93,"column":12},"end":{"line":95,"column":13}},"type":"if","locations":[{"start":{"line":93,"column":12},"end":{"line":95,"column":13}},{"start":{"line":93,"column":12},"end":{"line":95,"column":13}}]},"6":{"loc":{"start":{"line":127,"column":15},"end":{"line":127,"column":38}},"type":"binary-expr","locations":[{"start":{"line":127,"column":15},"end":{"line":127,"column":38}},{"start":{"line":127,"column":42},"end":{"line":127,"column":73}}]},"7":{"loc":{"start":{"line":143,"column":15},"end":{"line":143,"column":39}},"type":"binary-expr","locations":[{"start":{"line":143,"column":15},"end":{"line":143,"column":39}},{"start":{"line":143,"column":43},"end":{"line":143,"column":68}}]},"8":{"loc":{"start":{"line":151,"column":12},"end":{"line":153,"column":13}},"type":"if","locations":[{"start":{"line":151,"column":12},"end":{"line":153,"column":13}},{"start":{"line":151,"column":12},"end":{"line":153,"column":13}}]},"9":{"loc":{"start":{"line":161,"column":8},"end":{"line":190,"column":9}},"type":"if","locations":[{"start":{"line":161,"column":8},"end":{"line":190,"column":9}},{"start":{"line":161,"column":8},"end":{"line":190,"column":9}}]},"10":{"loc":{"start":{"line":162,"column":12},"end":{"line":164,"column":13}},"type":"if","locations":[{"start":{"line":162,"column":12},"end":{"line":164,"column":13}},{"start":{"line":162,"column":12},"end":{"line":164,"column":13}}]},"11":{"loc":{"start":{"line":168,"column":12},"end":{"line":188,"column":13}},"type":"if","locations":[{"start":{"line":168,"column":12},"end":{"line":188,"column":13}},{"start":{"line":168,"column":12},"end":{"line":188,"column":13}}]},"12":{"loc":{"start":{"line":170,"column":16},"end":{"line":187,"column":17}},"type":"if","locations":[{"start":{"line":170,"column":16},"end":{"line":187,"column":17}},{"start":{"line":170,"column":16},"end":{"line":187,"column":17}}]},"13":{"loc":{"start":{"line":171,"column":20},"end":{"line":173,"column":21}},"type":"if","locations":[{"start":{"line":171,"column":20},"end":{"line":173,"column":21}},{"start":{"line":171,"column":20},"end":{"line":173,"column":21}}]},"14":{"loc":{"start":{"line":175,"column":23},"end":{"line":187,"column":17}},"type":"if","locations":[{"start":{"line":175,"column":23},"end":{"line":187,"column":17}},{"start":{"line":175,"column":23},"end":{"line":187,"column":17}}]},"15":{"loc":{"start":{"line":176,"column":20},"end":{"line":178,"column":21}},"type":"if","locations":[{"start":{"line":176,"column":20},"end":{"line":178,"column":21}},{"start":{"line":176,"column":20},"end":{"line":178,"column":21}}]},"16":{"loc":{"start":{"line":180,"column":20},"end":{"line":182,"column":21}},"type":"if","locations":[{"start":{"line":180,"column":20},"end":{"line":182,"column":21}},{"start":{"line":180,"column":20},"end":{"line":182,"column":21}}]},"17":{"loc":{"start":{"line":184,"column":23},"end":{"line":187,"column":17}},"type":"if","locations":[{"start":{"line":184,"column":23},"end":{"line":187,"column":17}},{"start":{"line":184,"column":23},"end":{"line":187,"column":17}}]},"18":{"loc":{"start":{"line":192,"column":8},"end":{"line":198,"column":9}},"type":"if","locations":[{"start":{"line":192,"column":8},"end":{"line":198,"column":9}},{"start":{"line":192,"column":8},"end":{"line":198,"column":9}}]},"19":{"loc":{"start":{"line":194,"column":15},"end":{"line":198,"column":9}},"type":"if","locations":[{"start":{"line":194,"column":15},"end":{"line":198,"column":9}},{"start":{"line":194,"column":15},"end":{"line":198,"column":9}}]},"20":{"loc":{"start":{"line":196,"column":15},"end":{"line":198,"column":9}},"type":"if","locations":[{"start":{"line":196,"column":15},"end":{"line":198,"column":9}},{"start":{"line":196,"column":15},"end":{"line":198,"column":9}}]},"21":{"loc":{"start":{"line":205,"column":8},"end":{"line":212,"column":9}},"type":"if","locations":[{"start":{"line":205,"column":8},"end":{"line":212,"column":9}},{"start":{"line":205,"column":8},"end":{"line":212,"column":9}}]},"22":{"loc":{"start":{"line":207,"column":15},"end":{"line":212,"column":9}},"type":"if","locations":[{"start":{"line":207,"column":15},"end":{"line":212,"column":9}},{"start":{"line":207,"column":15},"end":{"line":212,"column":9}}]},"23":{"loc":{"start":{"line":209,"column":15},"end":{"line":212,"column":9}},"type":"if","locations":[{"start":{"line":209,"column":15},"end":{"line":212,"column":9}},{"start":{"line":209,"column":15},"end":{"line":212,"column":9}}]},"24":{"loc":{"start":{"line":1,"column":17},"end":{"line":1,"column":21}},"type":"binary-expr","locations":[{"start":{"line":1,"column":17},"end":{"line":1,"column":21}},{"start":{"line":1,"column":17},"end":{"line":1,"column":21}}]}},"s":{"0":1,"1":2,"2":2,"3":2,"4":2,"5":2,"6":2,"7":1,"8":1,"9":1,"10":0,"11":1,"12":6,"13":6,"14":4,"15":3,"16":1,"17":1,"18":0,"19":1,"20":3,"21":3,"22":3,"23":1,"24":1,"25":1,"26":1,"27":1,"28":1,"29":1,"30":1,"31":1,"32":0,"33":1,"34":1,"35":1,"36":1,"37":0,"38":1,"39":1,"40":1,"41":1,"42":1,"43":1,"44":1,"45":1,"46":1,"47":1,"48":1,"49":1,"50":1,"51":1,"52":1,"53":1,"54":10,"55":1,"56":2,"57":2,"58":3,"59":3,"60":0,"61":3,"62":2,"63":1,"64":8,"65":3,"66":0,"67":3,"68":3,"69":2,"70":0,"71":0,"72":0,"73":2,"74":2,"75":0,"76":2,"77":2,"78":2,"79":0,"80":0,"81":0,"82":1,"83":5,"84":2,"85":3,"86":1,"87":2,"88":2,"89":1,"90":15,"91":3,"92":12,"93":4,"94":8,"95":8,"96":0,"97":1,"98":1,"99":1},"f":{"0":1,"1":2,"2":2,"3":6,"4":4,"5":0,"6":3,"7":1,"8":1,"9":1,"10":1,"11":1,"12":1,"13":1,"14":10,"15":2,"16":8,"17":15,"18":1},"b":{"0":[1,1],"1":[1,0],"2":[3,1],"3":[0,0],"4":[0,1],"5":[0,1],"6":[1,1],"7":[10,5],"8":[0,3],"9":[3,5],"10":[0,3],"11":[2,1],"12":[0,2],"13":[0,0],"14":[2,0],"15":[0,2],"16":[2,0],"17":[0,0],"18":[2,3],"19":[1,2],"20":[2,0],"21":[3,12],"22":[4,8],"23":[8,0],"24":[1,1]}}
}
