{"/home/blazingkin/Documents/Github/tsc-ZHRL/dist/src/ZHRL.js": {"path":"/home/blazingkin/Documents/Github/tsc-ZHRL/dist/src/ZHRL.js","statementMap":{"0":{"start":{"line":2,"column":0},"end":{"line":2,"column":62}},"1":{"start":{"line":4,"column":0},"end":{"line":114,"column":47}},"2":{"start":{"line":11,"column":12},"end":{"line":11,"column":34}},"3":{"start":{"line":12,"column":12},"end":{"line":12,"column":27}},"4":{"start":{"line":13,"column":12},"end":{"line":13,"column":28}},"5":{"start":{"line":16,"column":4},"end":{"line":16,"column":19}},"6":{"start":{"line":20,"column":12},"end":{"line":20,"column":30}},"7":{"start":{"line":23,"column":4},"end":{"line":23,"column":19}},"8":{"start":{"line":29,"column":12},"end":{"line":29,"column":34}},"9":{"start":{"line":30,"column":12},"end":{"line":30,"column":27}},"10":{"start":{"line":33,"column":4},"end":{"line":33,"column":21}},"11":{"start":{"line":39,"column":12},"end":{"line":39,"column":31}},"12":{"start":{"line":40,"column":12},"end":{"line":40,"column":34}},"13":{"start":{"line":43,"column":4},"end":{"line":43,"column":21}},"14":{"start":{"line":46,"column":12},"end":{"line":46,"column":31}},"15":{"start":{"line":47,"column":12},"end":{"line":47,"column":39}},"16":{"start":{"line":48,"column":12},"end":{"line":48,"column":33}},"17":{"start":{"line":51,"column":4},"end":{"line":51,"column":21}},"18":{"start":{"line":52,"column":4},"end":{"line":52,"column":62}},"19":{"start":{"line":54,"column":8},"end":{"line":54,"column":69}},"20":{"start":{"line":56,"column":4},"end":{"line":56,"column":35}},"21":{"start":{"line":58,"column":21},"end":{"line":58,"column":23}},"22":{"start":{"line":59,"column":8},"end":{"line":65,"column":9}},"23":{"start":{"line":60,"column":24},"end":{"line":60,"column":31}},"24":{"start":{"line":61,"column":12},"end":{"line":63,"column":13}},"25":{"start":{"line":62,"column":16},"end":{"line":62,"column":73}},"26":{"start":{"line":64,"column":12},"end":{"line":64,"column":31}},"27":{"start":{"line":66,"column":8},"end":{"line":66,"column":22}},"28":{"start":{"line":68,"column":4},"end":{"line":68,"column":47}},"29":{"start":{"line":70,"column":8},"end":{"line":100,"column":9}},"30":{"start":{"line":71,"column":12},"end":{"line":73,"column":13}},"31":{"start":{"line":72,"column":16},"end":{"line":72,"column":72}},"32":{"start":{"line":75,"column":24},"end":{"line":75,"column":31}},"33":{"start":{"line":76,"column":12},"end":{"line":98,"column":13}},"34":{"start":{"line":78,"column":16},"end":{"line":97,"column":17}},"35":{"start":{"line":79,"column":20},"end":{"line":81,"column":21}},"36":{"start":{"line":80,"column":24},"end":{"line":80,"column":98}},"37":{"start":{"line":82,"column":20},"end":{"line":82,"column":83}},"38":{"start":{"line":84,"column":21},"end":{"line":97,"column":17}},"39":{"start":{"line":85,"column":20},"end":{"line":87,"column":21}},"40":{"start":{"line":86,"column":24},"end":{"line":86,"column":81}},"41":{"start":{"line":88,"column":31},"end":{"line":88,"column":38}},"42":{"start":{"line":89,"column":20},"end":{"line":91,"column":21}},"43":{"start":{"line":90,"column":24},"end":{"line":90,"column":81}},"44":{"start":{"line":92,"column":20},"end":{"line":92,"column":91}},"45":{"start":{"line":94,"column":21},"end":{"line":97,"column":17}},"46":{"start":{"line":96,"column":20},"end":{"line":96,"column":33}},"47":{"start":{"line":99,"column":12},"end":{"line":99,"column":68}},"48":{"start":{"line":102,"column":8},"end":{"line":110,"column":9}},"49":{"start":{"line":103,"column":12},"end":{"line":103,"column":33}},"50":{"start":{"line":105,"column":13},"end":{"line":110,"column":9}},"51":{"start":{"line":106,"column":12},"end":{"line":106,"column":24}},"52":{"start":{"line":108,"column":13},"end":{"line":110,"column":9}},"53":{"start":{"line":109,"column":12},"end":{"line":109,"column":24}},"54":{"start":{"line":112,"column":4},"end":{"line":112,"column":23}},"55":{"start":{"line":113,"column":4},"end":{"line":113,"column":35}}},"fnMap":{"0":{"name":"(anonymous_0)","decl":{"start":{"line":4,"column":1},"end":{"line":4,"column":2}},"loc":{"start":{"line":4,"column":17},"end":{"line":114,"column":1}},"line":4},"1":{"name":"(anonymous_1)","decl":{"start":{"line":10,"column":8},"end":{"line":10,"column":9}},"loc":{"start":{"line":10,"column":35},"end":{"line":14,"column":9}},"line":10},"2":{"name":"(anonymous_2)","decl":{"start":{"line":19,"column":8},"end":{"line":19,"column":9}},"loc":{"start":{"line":19,"column":25},"end":{"line":21,"column":9}},"line":19},"3":{"name":"(anonymous_3)","decl":{"start":{"line":28,"column":8},"end":{"line":28,"column":9}},"loc":{"start":{"line":28,"column":29},"end":{"line":31,"column":9}},"line":28},"4":{"name":"(anonymous_4)","decl":{"start":{"line":38,"column":8},"end":{"line":38,"column":9}},"loc":{"start":{"line":38,"column":30},"end":{"line":41,"column":9}},"line":38},"5":{"name":"(anonymous_5)","decl":{"start":{"line":45,"column":8},"end":{"line":45,"column":9}},"loc":{"start":{"line":45,"column":34},"end":{"line":49,"column":9}},"line":45},"6":{"name":"isSexpArray","decl":{"start":{"line":53,"column":13},"end":{"line":53,"column":24}},"loc":{"start":{"line":53,"column":31},"end":{"line":55,"column":5}},"line":53},"7":{"name":"assertStringArray","decl":{"start":{"line":57,"column":13},"end":{"line":57,"column":30}},"loc":{"start":{"line":57,"column":37},"end":{"line":67,"column":5}},"line":57},"8":{"name":"parse","decl":{"start":{"line":69,"column":13},"end":{"line":69,"column":18}},"loc":{"start":{"line":69,"column":25},"end":{"line":111,"column":5}},"line":69}},"branchMap":{"0":{"loc":{"start":{"line":54,"column":15},"end":{"line":54,"column":68}},"type":"binary-expr","locations":[{"start":{"line":54,"column":15},"end":{"line":54,"column":39}},{"start":{"line":54,"column":43},"end":{"line":54,"column":68}}],"line":54},"1":{"loc":{"start":{"line":61,"column":12},"end":{"line":63,"column":13}},"type":"if","locations":[{"start":{"line":61,"column":12},"end":{"line":63,"column":13}},{"start":{"line":61,"column":12},"end":{"line":63,"column":13}}],"line":61},"2":{"loc":{"start":{"line":70,"column":8},"end":{"line":100,"column":9}},"type":"if","locations":[{"start":{"line":70,"column":8},"end":{"line":100,"column":9}},{"start":{"line":70,"column":8},"end":{"line":100,"column":9}}],"line":70},"3":{"loc":{"start":{"line":71,"column":12},"end":{"line":73,"column":13}},"type":"if","locations":[{"start":{"line":71,"column":12},"end":{"line":73,"column":13}},{"start":{"line":71,"column":12},"end":{"line":73,"column":13}}],"line":71},"4":{"loc":{"start":{"line":76,"column":12},"end":{"line":98,"column":13}},"type":"if","locations":[{"start":{"line":76,"column":12},"end":{"line":98,"column":13}},{"start":{"line":76,"column":12},"end":{"line":98,"column":13}}],"line":76},"5":{"loc":{"start":{"line":78,"column":16},"end":{"line":97,"column":17}},"type":"if","locations":[{"start":{"line":78,"column":16},"end":{"line":97,"column":17}},{"start":{"line":78,"column":16},"end":{"line":97,"column":17}}],"line":78},"6":{"loc":{"start":{"line":79,"column":20},"end":{"line":81,"column":21}},"type":"if","locations":[{"start":{"line":79,"column":20},"end":{"line":81,"column":21}},{"start":{"line":79,"column":20},"end":{"line":81,"column":21}}],"line":79},"7":{"loc":{"start":{"line":84,"column":21},"end":{"line":97,"column":17}},"type":"if","locations":[{"start":{"line":84,"column":21},"end":{"line":97,"column":17}},{"start":{"line":84,"column":21},"end":{"line":97,"column":17}}],"line":84},"8":{"loc":{"start":{"line":85,"column":20},"end":{"line":87,"column":21}},"type":"if","locations":[{"start":{"line":85,"column":20},"end":{"line":87,"column":21}},{"start":{"line":85,"column":20},"end":{"line":87,"column":21}}],"line":85},"9":{"loc":{"start":{"line":89,"column":20},"end":{"line":91,"column":21}},"type":"if","locations":[{"start":{"line":89,"column":20},"end":{"line":91,"column":21}},{"start":{"line":89,"column":20},"end":{"line":91,"column":21}}],"line":89},"10":{"loc":{"start":{"line":94,"column":21},"end":{"line":97,"column":17}},"type":"if","locations":[{"start":{"line":94,"column":21},"end":{"line":97,"column":17}},{"start":{"line":94,"column":21},"end":{"line":97,"column":17}}],"line":94},"11":{"loc":{"start":{"line":102,"column":8},"end":{"line":110,"column":9}},"type":"if","locations":[{"start":{"line":102,"column":8},"end":{"line":110,"column":9}},{"start":{"line":102,"column":8},"end":{"line":110,"column":9}}],"line":102},"12":{"loc":{"start":{"line":105,"column":13},"end":{"line":110,"column":9}},"type":"if","locations":[{"start":{"line":105,"column":13},"end":{"line":110,"column":9}},{"start":{"line":105,"column":13},"end":{"line":110,"column":9}}],"line":105},"13":{"loc":{"start":{"line":108,"column":13},"end":{"line":110,"column":9}},"type":"if","locations":[{"start":{"line":108,"column":13},"end":{"line":110,"column":9}},{"start":{"line":108,"column":13},"end":{"line":110,"column":9}}],"line":108},"14":{"loc":{"start":{"line":114,"column":10},"end":{"line":114,"column":45}},"type":"binary-expr","locations":[{"start":{"line":114,"column":10},"end":{"line":114,"column":22}},{"start":{"line":114,"column":27},"end":{"line":114,"column":44}}],"line":114}},"s":{"0":1,"1":1,"2":0,"3":0,"4":0,"5":1,"6":5,"7":1,"8":3,"9":3,"10":1,"11":2,"12":2,"13":1,"14":0,"15":0,"16":0,"17":1,"18":1,"19":14,"20":1,"21":2,"22":2,"23":4,"24":4,"25":0,"26":4,"27":2,"28":1,"29":12,"30":4,"31":0,"32":4,"33":4,"34":3,"35":0,"36":0,"37":0,"38":3,"39":2,"40":0,"41":2,"42":2,"43":2,"44":0,"45":1,"46":0,"47":2,"48":8,"49":4,"50":4,"51":1,"52":3,"53":3,"54":1,"55":1},"f":{"0":1,"1":0,"2":5,"3":3,"4":2,"5":0,"6":14,"7":2,"8":12},"b":{"0":[14,6],"1":[0,4],"2":[4,8],"3":[0,4],"4":[3,1],"5":[0,3],"6":[0,0],"7":[2,1],"8":[0,2],"9":[2,0],"10":[0,1],"11":[4,4],"12":[1,3],"13":[3,0],"14":[1,1]},"_coverageSchema":"332fd63041d2c1bcb487cc26dd0d5f7d97098a6c","hash":"fe2ec49247468c8a59976c5a71cf0fe54ea015f3"}
,"/home/blazingkin/Documents/Github/tsc-ZHRL/src/ZHRL.ts": {"path":"/home/blazingkin/Documents/Github/tsc-ZHRL/src/ZHRL.ts","statementMap":{"0":{"start":{"line":1,"column":0},"end":{"line":132,"column":1}},"1":{"start":{"line":11,"column":12},"end":{"line":11,"column":34}},"2":{"start":{"line":12,"column":12},"end":{"line":12,"column":27}},"3":{"start":{"line":13,"column":12},"end":{"line":13,"column":28}},"4":{"start":{"line":6,"column":17},"end":{"line":15,"column":5}},"5":{"start":{"line":21,"column":12},"end":{"line":21,"column":30}},"6":{"start":{"line":18,"column":17},"end":{"line":23,"column":5}},"7":{"start":{"line":32,"column":12},"end":{"line":32,"column":34}},"8":{"start":{"line":33,"column":12},"end":{"line":33,"column":27}},"9":{"start":{"line":28,"column":17},"end":{"line":35,"column":5}},"10":{"start":{"line":44,"column":12},"end":{"line":44,"column":31}},"11":{"start":{"line":45,"column":12},"end":{"line":45,"column":34}},"12":{"start":{"line":40,"column":17},"end":{"line":47,"column":5}},"13":{"start":{"line":58,"column":12},"end":{"line":58,"column":31}},"14":{"start":{"line":59,"column":12},"end":{"line":59,"column":39}},"15":{"start":{"line":60,"column":12},"end":{"line":60,"column":33}},"16":{"start":{"line":53,"column":17},"end":{"line":62,"column":5}},"17":{"start":{"line":71,"column":15},"end":{"line":71,"column":75}},"18":{"start":{"line":75,"column":8},"end":{"line":75,"column":69}},"19":{"start":{"line":74,"column":20},"end":{"line":76,"column":5}},"20":{"start":{"line":79,"column":32},"end":{"line":79,"column":34}},"21":{"start":{"line":80,"column":8},"end":{"line":86,"column":9}},"22":{"start":{"line":81,"column":31},"end":{"line":81,"column":38}},"23":{"start":{"line":82,"column":12},"end":{"line":84,"column":13}},"24":{"start":{"line":83,"column":16},"end":{"line":83,"column":73}},"25":{"start":{"line":85,"column":12},"end":{"line":85,"column":31}},"26":{"start":{"line":87,"column":8},"end":{"line":87,"column":22}},"27":{"start":{"line":78,"column":20},"end":{"line":88,"column":5}},"28":{"start":{"line":91,"column":8},"end":{"line":120,"column":9}},"29":{"start":{"line":92,"column":12},"end":{"line":94,"column":13}},"30":{"start":{"line":93,"column":16},"end":{"line":93,"column":72}},"31":{"start":{"line":97,"column":31},"end":{"line":97,"column":38}},"32":{"start":{"line":98,"column":12},"end":{"line":118,"column":13}},"33":{"start":{"line":100,"column":16},"end":{"line":117,"column":17}},"34":{"start":{"line":101,"column":20},"end":{"line":103,"column":21}},"35":{"start":{"line":102,"column":24},"end":{"line":102,"column":98}},"36":{"start":{"line":104,"column":20},"end":{"line":104,"column":83}},"37":{"start":{"line":105,"column":23},"end":{"line":117,"column":17}},"38":{"start":{"line":106,"column":20},"end":{"line":108,"column":21}},"39":{"start":{"line":107,"column":24},"end":{"line":107,"column":81}},"40":{"start":{"line":109,"column":38},"end":{"line":109,"column":45}},"41":{"start":{"line":110,"column":20},"end":{"line":112,"column":21}},"42":{"start":{"line":111,"column":24},"end":{"line":111,"column":81}},"43":{"start":{"line":113,"column":20},"end":{"line":113,"column":91}},"44":{"start":{"line":114,"column":23},"end":{"line":117,"column":17}},"45":{"start":{"line":116,"column":20},"end":{"line":116,"column":33}},"46":{"start":{"line":119,"column":12},"end":{"line":119,"column":68}},"47":{"start":{"line":122,"column":8},"end":{"line":128,"column":9}},"48":{"start":{"line":123,"column":12},"end":{"line":123,"column":33}},"49":{"start":{"line":124,"column":15},"end":{"line":128,"column":9}},"50":{"start":{"line":125,"column":12},"end":{"line":125,"column":24}},"51":{"start":{"line":126,"column":15},"end":{"line":128,"column":9}},"52":{"start":{"line":127,"column":12},"end":{"line":127,"column":24}},"53":{"start":{"line":90,"column":20},"end":{"line":129,"column":5}},"54":{"start":{"line":131,"column":4},"end":{"line":131,"column":30}}},"fnMap":{"0":{"name":"(anonymous_0)","decl":{"start":{"line":1,"column":0},"end":{"line":1,"column":16}},"loc":{"start":{"line":1,"column":21},"end":{"line":132,"column":1}}},"1":{"name":"(anonymous_1)","decl":{"start":{"line":10,"column":8},"end":{"line":10,"column":19}},"loc":{"start":{"line":10,"column":57},"end":{"line":14,"column":9}}},"2":{"name":"(anonymous_2)","decl":{"start":{"line":20,"column":8},"end":{"line":20,"column":19}},"loc":{"start":{"line":20,"column":32},"end":{"line":22,"column":9}}},"3":{"name":"(anonymous_3)","decl":{"start":{"line":31,"column":8},"end":{"line":31,"column":19}},"loc":{"start":{"line":31,"column":46},"end":{"line":34,"column":9}}},"4":{"name":"(anonymous_4)","decl":{"start":{"line":43,"column":8},"end":{"line":43,"column":19}},"loc":{"start":{"line":43,"column":45},"end":{"line":46,"column":9}}},"5":{"name":"(anonymous_5)","decl":{"start":{"line":57,"column":8},"end":{"line":57,"column":19}},"loc":{"start":{"line":57,"column":45},"end":{"line":61,"column":9}}},"6":{"name":"isSexpArray","decl":{"start":{"line":74,"column":4},"end":{"line":74,"column":31}},"loc":{"start":{"line":74,"column":43},"end":{"line":76,"column":5}}},"7":{"name":"assertStringArray","decl":{"start":{"line":78,"column":4},"end":{"line":78,"column":37}},"loc":{"start":{"line":78,"column":54},"end":{"line":88,"column":5}}},"8":{"name":"parse","decl":{"start":{"line":90,"column":4},"end":{"line":90,"column":25}},"loc":{"start":{"line":90,"column":37},"end":{"line":129,"column":5}}}},"branchMap":{"0":{"loc":{"start":{"line":75,"column":15},"end":{"line":75,"column":39}},"type":"binary-expr","locations":[{"start":{"line":75,"column":15},"end":{"line":75,"column":39}},{"start":{"line":75,"column":43},"end":{"line":75,"column":68}}]},"1":{"loc":{"start":{"line":82,"column":12},"end":{"line":84,"column":13}},"type":"if","locations":[{"start":{"line":82,"column":12},"end":{"line":84,"column":13}},{"start":{"line":82,"column":12},"end":{"line":84,"column":13}}]},"2":{"loc":{"start":{"line":91,"column":8},"end":{"line":120,"column":9}},"type":"if","locations":[{"start":{"line":91,"column":8},"end":{"line":120,"column":9}},{"start":{"line":91,"column":8},"end":{"line":120,"column":9}}]},"3":{"loc":{"start":{"line":92,"column":12},"end":{"line":94,"column":13}},"type":"if","locations":[{"start":{"line":92,"column":12},"end":{"line":94,"column":13}},{"start":{"line":92,"column":12},"end":{"line":94,"column":13}}]},"4":{"loc":{"start":{"line":98,"column":12},"end":{"line":118,"column":13}},"type":"if","locations":[{"start":{"line":98,"column":12},"end":{"line":118,"column":13}},{"start":{"line":98,"column":12},"end":{"line":118,"column":13}}]},"5":{"loc":{"start":{"line":100,"column":16},"end":{"line":117,"column":17}},"type":"if","locations":[{"start":{"line":100,"column":16},"end":{"line":117,"column":17}},{"start":{"line":100,"column":16},"end":{"line":117,"column":17}}]},"6":{"loc":{"start":{"line":101,"column":20},"end":{"line":103,"column":21}},"type":"if","locations":[{"start":{"line":101,"column":20},"end":{"line":103,"column":21}},{"start":{"line":101,"column":20},"end":{"line":103,"column":21}}]},"7":{"loc":{"start":{"line":105,"column":23},"end":{"line":117,"column":17}},"type":"if","locations":[{"start":{"line":105,"column":23},"end":{"line":117,"column":17}},{"start":{"line":105,"column":23},"end":{"line":117,"column":17}}]},"8":{"loc":{"start":{"line":106,"column":20},"end":{"line":108,"column":21}},"type":"if","locations":[{"start":{"line":106,"column":20},"end":{"line":108,"column":21}},{"start":{"line":106,"column":20},"end":{"line":108,"column":21}}]},"9":{"loc":{"start":{"line":110,"column":20},"end":{"line":112,"column":21}},"type":"if","locations":[{"start":{"line":110,"column":20},"end":{"line":112,"column":21}},{"start":{"line":110,"column":20},"end":{"line":112,"column":21}}]},"10":{"loc":{"start":{"line":114,"column":23},"end":{"line":117,"column":17}},"type":"if","locations":[{"start":{"line":114,"column":23},"end":{"line":117,"column":17}},{"start":{"line":114,"column":23},"end":{"line":117,"column":17}}]},"11":{"loc":{"start":{"line":122,"column":8},"end":{"line":128,"column":9}},"type":"if","locations":[{"start":{"line":122,"column":8},"end":{"line":128,"column":9}},{"start":{"line":122,"column":8},"end":{"line":128,"column":9}}]},"12":{"loc":{"start":{"line":124,"column":15},"end":{"line":128,"column":9}},"type":"if","locations":[{"start":{"line":124,"column":15},"end":{"line":128,"column":9}},{"start":{"line":124,"column":15},"end":{"line":128,"column":9}}]},"13":{"loc":{"start":{"line":126,"column":15},"end":{"line":128,"column":9}},"type":"if","locations":[{"start":{"line":126,"column":15},"end":{"line":128,"column":9}},{"start":{"line":126,"column":15},"end":{"line":128,"column":9}}]},"14":{"loc":{"start":{"line":1,"column":17},"end":{"line":1,"column":21}},"type":"binary-expr","locations":[{"start":{"line":1,"column":17},"end":{"line":1,"column":21}},{"start":{"line":1,"column":17},"end":{"line":1,"column":21}}]}},"s":{"0":1,"1":0,"2":0,"3":0,"4":1,"5":5,"6":1,"7":3,"8":3,"9":1,"10":2,"11":2,"12":1,"13":0,"14":0,"15":0,"16":1,"17":1,"18":14,"19":1,"20":2,"21":2,"22":4,"23":4,"24":0,"25":4,"26":2,"27":1,"28":12,"29":4,"30":0,"31":4,"32":4,"33":3,"34":0,"35":0,"36":0,"37":3,"38":2,"39":0,"40":2,"41":2,"42":2,"43":0,"44":1,"45":0,"46":2,"47":8,"48":4,"49":4,"50":1,"51":3,"52":3,"53":1,"54":1},"f":{"0":1,"1":0,"2":5,"3":3,"4":2,"5":0,"6":14,"7":2,"8":12},"b":{"0":[14,6],"1":[0,4],"2":[4,8],"3":[0,4],"4":[3,1],"5":[0,3],"6":[0,0],"7":[2,1],"8":[0,2],"9":[2,0],"10":[0,1],"11":[4,4],"12":[1,3],"13":[3,0],"14":[1,1]}}
}
