TN:
SF:/Users/user/Documents/GitHub/tsc-ZHRL/dist/src/ZHRL.js
FN:4,(anonymous_0)
FN:12,(anonymous_1)
FN:18,(anonymous_2)
FN:35,(anonymous_3)
FN:39,(anonymous_4)
FN:49,isIdC
FN:58,(anonymous_6)
FN:63,(anonymous_7)
FN:72,(anonymous_8)
FN:77,(anonymous_9)
FN:79,(anonymous_10)
FN:99,(anonymous_11)
FN:104,isBuiltin
FN:110,(anonymous_13)
FN:121,(anonymous_14)
FN:132,(anonymous_15)
FN:143,(anonymous_16)
FN:157,(anonymous_17)
FN:173,(anonymous_18)
FN:189,(anonymous_19)
FN:192,(anonymous_20)
FN:195,copyEnv
FN:200,(anonymous_22)
FN:207,isCloV
FN:213,isSexpArray
FN:218,assertStringArray
FN:230,allUnique
FN:241,getBindingFromVar
FN:252,getExprFromVar
FN:260,parse
FN:321,interp
FN:336,serialize
FN:340,topInterp
FNF:33
FNH:30
FNDA:1,(anonymous_0)
FNDA:2,(anonymous_1)
FNDA:2,(anonymous_2)
FNDA:14,(anonymous_3)
FNDA:8,(anonymous_4)
FNDA:0,isIdC
FNDA:9,(anonymous_6)
FNDA:4,(anonymous_7)
FNDA:8,(anonymous_8)
FNDA:5,(anonymous_9)
FNDA:7,(anonymous_10)
FNDA:8,(anonymous_11)
FNDA:8,isBuiltin
FNDA:2,(anonymous_13)
FNDA:0,(anonymous_14)
FNDA:1,(anonymous_15)
FNDA:0,(anonymous_16)
FNDA:2,(anonymous_17)
FNDA:1,(anonymous_18)
FNDA:1,(anonymous_19)
FNDA:1,(anonymous_20)
FNDA:2,copyEnv
FNDA:5,(anonymous_22)
FNDA:5,isCloV
FNDA:34,isSexpArray
FNDA:5,assertStringArray
FNDA:3,allUnique
FNDA:4,getBindingFromVar
FNDA:4,getExprFromVar
FNDA:24,parse
FNDA:29,interp
FNDA:3,serialize
FNDA:2,topInterp
DA:2,1
DA:4,1
DA:13,2
DA:14,2
DA:15,2
DA:16,2
DA:19,2
DA:20,2
DA:21,1
DA:23,1
DA:24,1
DA:28,0
DA:32,1
DA:36,14
DA:37,14
DA:40,8
DA:41,7
DA:44,1
DA:48,1
DA:50,0
DA:52,1
DA:59,9
DA:60,9
DA:61,9
DA:64,4
DA:67,1
DA:73,8
DA:74,8
DA:75,8
DA:78,5
DA:79,7
DA:80,5
DA:81,2
DA:82,2
DA:84,0
DA:86,3
DA:87,3
DA:88,1
DA:90,2
DA:91,2
DA:92,3
DA:94,2
DA:97,1
DA:100,8
DA:103,1
DA:105,8
DA:107,1
DA:108,1
DA:109,1
DA:110,1
DA:111,2
DA:112,0
DA:114,2
DA:115,2
DA:116,2
DA:117,0
DA:119,2
DA:121,1
DA:122,0
DA:123,0
DA:125,0
DA:126,0
DA:127,0
DA:128,0
DA:130,0
DA:132,1
DA:133,1
DA:134,0
DA:136,1
DA:137,1
DA:138,1
DA:139,0
DA:141,1
DA:143,1
DA:144,0
DA:145,0
DA:147,0
DA:148,0
DA:149,0
DA:150,0
DA:152,0
DA:153,0
DA:155,0
DA:157,1
DA:158,2
DA:159,0
DA:161,2
DA:162,2
DA:163,2
DA:164,0
DA:166,2
DA:167,1
DA:170,1
DA:173,1
DA:174,1
DA:175,0
DA:177,1
DA:178,1
DA:179,1
DA:180,0
DA:182,1
DA:183,1
DA:186,0
DA:189,1
DA:190,1
DA:192,1
DA:193,1
DA:196,2
DA:198,1
DA:201,5
DA:202,5
DA:203,5
DA:206,1
DA:208,5
DA:210,1
DA:211,1
DA:214,34
DA:216,1
DA:219,5
DA:220,5
DA:221,7
DA:222,7
DA:223,0
DA:225,7
DA:227,5
DA:229,1
DA:231,3
DA:232,4
DA:233,6
DA:234,0
DA:238,3
DA:240,1
DA:242,4
DA:243,0
DA:245,4
DA:246,4
DA:247,0
DA:249,4
DA:251,1
DA:253,4
DA:254,0
DA:256,4
DA:258,1
DA:261,24
DA:262,8
DA:263,0
DA:266,8
DA:267,8
DA:269,7
DA:270,0
DA:271,0
DA:273,0
DA:275,7
DA:276,2
DA:277,0
DA:279,2
DA:280,2
DA:281,2
DA:283,0
DA:285,5
DA:288,3
DA:289,3
DA:290,3
DA:291,3
DA:292,3
DA:293,0
DA:296,3
DA:297,0
DA:300,3
DA:301,3
DA:306,3
DA:309,16
DA:310,8
DA:312,8
DA:313,1
DA:315,7
DA:316,7
DA:319,1
DA:323,29
DA:324,3
DA:326,26
DA:327,7
DA:329,19
DA:331,19
DA:334,1
DA:337,3
DA:339,1
DA:341,2
DA:343,1
LF:189
LH:148
BRDA:20,0,0,1
BRDA:20,0,1,1
BRDA:23,1,0,1
BRDA:23,1,1,0
BRDA:40,2,0,7
BRDA:40,2,1,1
BRDA:50,3,0,0
BRDA:50,3,1,0
BRDA:80,4,0,2
BRDA:80,4,1,3
BRDA:81,5,0,2
BRDA:81,5,1,0
BRDA:87,6,0,1
BRDA:87,6,1,2
BRDA:111,7,0,0
BRDA:111,7,1,2
BRDA:116,8,0,0
BRDA:116,8,1,2
BRDA:116,9,0,2
BRDA:116,9,1,2
BRDA:122,10,0,0
BRDA:122,10,1,0
BRDA:127,11,0,0
BRDA:127,11,1,0
BRDA:127,12,0,0
BRDA:127,12,1,0
BRDA:133,13,0,0
BRDA:133,13,1,1
BRDA:138,14,0,0
BRDA:138,14,1,1
BRDA:138,15,0,1
BRDA:138,15,1,1
BRDA:144,16,0,0
BRDA:144,16,1,0
BRDA:149,17,0,0
BRDA:149,17,1,0
BRDA:149,18,0,0
BRDA:149,18,1,0
BRDA:152,19,0,0
BRDA:152,19,1,0
BRDA:158,20,0,0
BRDA:158,20,1,2
BRDA:163,21,0,0
BRDA:163,21,1,2
BRDA:163,22,0,2
BRDA:163,22,1,2
BRDA:166,23,0,1
BRDA:166,23,1,1
BRDA:174,24,0,0
BRDA:174,24,1,1
BRDA:179,25,0,0
BRDA:179,25,1,1
BRDA:179,26,0,1
BRDA:179,26,1,1
BRDA:182,27,0,1
BRDA:182,27,1,0
BRDA:208,28,0,5
BRDA:208,28,1,5
BRDA:214,29,0,34
BRDA:214,29,1,18
BRDA:222,30,0,0
BRDA:222,30,1,7
BRDA:233,31,0,0
BRDA:233,31,1,6
BRDA:233,32,0,6
BRDA:233,32,1,2
BRDA:242,33,0,0
BRDA:242,33,1,4
BRDA:242,34,0,4
BRDA:242,34,1,4
BRDA:246,35,0,0
BRDA:246,35,1,4
BRDA:253,36,0,0
BRDA:253,36,1,4
BRDA:253,37,0,4
BRDA:253,37,1,4
BRDA:261,38,0,8
BRDA:261,38,1,16
BRDA:262,39,0,0
BRDA:262,39,1,8
BRDA:267,40,0,7
BRDA:267,40,1,1
BRDA:269,41,0,0
BRDA:269,41,1,7
BRDA:270,42,0,0
BRDA:270,42,1,0
BRDA:275,43,0,2
BRDA:275,43,1,5
BRDA:276,44,0,0
BRDA:276,44,1,2
BRDA:280,45,0,2
BRDA:280,45,1,0
BRDA:285,46,0,3
BRDA:285,46,1,2
BRDA:292,47,0,0
BRDA:292,47,1,3
BRDA:296,48,0,0
BRDA:296,48,1,3
BRDA:296,49,0,3
BRDA:296,49,1,3
BRDA:296,49,2,3
BRDA:296,49,3,3
BRDA:309,50,0,8
BRDA:309,50,1,8
BRDA:312,51,0,1
BRDA:312,51,1,7
BRDA:315,52,0,7
BRDA:315,52,1,0
BRDA:323,53,0,3
BRDA:323,53,1,26
BRDA:326,54,0,7
BRDA:326,54,1,19
BRDA:329,55,0,19
BRDA:329,55,1,0
BRDA:344,56,0,1
BRDA:344,56,1,1
BRF:116
BRH:74
end_of_record
TN:
SF:/Users/user/Documents/GitHub/tsc-ZHRL/src/ZHRL.ts
FN:1,(anonymous_0)
FN:15,(anonymous_1)
FN:22,(anonymous_2)
FN:38,(anonymous_3)
FN:43,(anonymous_4)
FN:51,isIdC
FN:61,(anonymous_6)
FN:67,(anonymous_7)
FN:78,(anonymous_8)
FN:84,(anonymous_9)
FN:86,(anonymous_10)
FN:108,(anonymous_11)
FN:112,isBuiltin
FN:122,(anonymous_13)
FN:133,(anonymous_14)
FN:144,(anonymous_15)
FN:155,(anonymous_16)
FN:169,(anonymous_17)
FN:184,(anonymous_18)
FN:199,(anonymous_19)
FN:202,(anonymous_20)
FN:206,copyEnv
FN:214,(anonymous_22)
FN:220,isCloV
FN:236,isSexpArray
FN:241,assertStringArray
FN:253,allUnique
FN:264,getBindingFromVar
FN:275,getExprFromVar
FN:283,parse
FN:343,interp
FN:356,serialize
FN:360,topInterp
FNF:33
FNH:30
FNDA:2,(anonymous_0)
FNDA:4,(anonymous_1)
FNDA:4,(anonymous_2)
FNDA:28,(anonymous_3)
FNDA:16,(anonymous_4)
FNDA:0,isIdC
FNDA:18,(anonymous_6)
FNDA:8,(anonymous_7)
FNDA:16,(anonymous_8)
FNDA:10,(anonymous_9)
FNDA:14,(anonymous_10)
FNDA:16,(anonymous_11)
FNDA:16,isBuiltin
FNDA:4,(anonymous_13)
FNDA:0,(anonymous_14)
FNDA:2,(anonymous_15)
FNDA:0,(anonymous_16)
FNDA:4,(anonymous_17)
FNDA:2,(anonymous_18)
FNDA:2,(anonymous_19)
FNDA:2,(anonymous_20)
FNDA:4,copyEnv
FNDA:10,(anonymous_22)
FNDA:10,isCloV
FNDA:68,isSexpArray
FNDA:10,assertStringArray
FNDA:6,allUnique
FNDA:8,getBindingFromVar
FNDA:8,getExprFromVar
FNDA:48,parse
FNDA:58,interp
FNDA:6,serialize
FNDA:4,topInterp
DA:1,2
DA:11,2
DA:16,4
DA:17,4
DA:18,4
DA:19,4
DA:23,4
DA:24,4
DA:25,2
DA:26,2
DA:27,2
DA:30,0
DA:36,2
DA:39,28
DA:40,28
DA:44,16
DA:45,14
DA:47,2
DA:51,2
DA:52,0
DA:58,2
DA:62,18
DA:63,18
DA:64,18
DA:68,8
DA:75,2
DA:79,16
DA:80,16
DA:81,16
DA:85,10
DA:86,14
DA:87,10
DA:88,4
DA:89,4
DA:91,0
DA:93,6
DA:94,6
DA:95,2
DA:98,4
DA:99,4
DA:100,6
DA:102,4
DA:106,2
DA:109,16
DA:112,2
DA:113,16
DA:120,2
DA:121,2
DA:122,2
DA:123,4
DA:124,0
DA:126,4
DA:127,4
DA:128,4
DA:129,0
DA:131,4
DA:133,2
DA:134,0
DA:135,0
DA:137,0
DA:138,0
DA:139,0
DA:140,0
DA:142,0
DA:144,2
DA:145,2
DA:146,0
DA:148,2
DA:149,2
DA:150,2
DA:151,0
DA:153,2
DA:155,2
DA:156,0
DA:157,0
DA:159,0
DA:160,0
DA:161,0
DA:162,0
DA:164,0
DA:165,0
DA:167,0
DA:169,2
DA:170,4
DA:171,0
DA:173,4
DA:174,4
DA:175,4
DA:176,0
DA:178,4
DA:179,2
DA:181,2
DA:184,2
DA:185,2
DA:186,0
DA:188,2
DA:189,2
DA:190,2
DA:191,0
DA:193,2
DA:194,2
DA:196,0
DA:199,2
DA:200,2
DA:202,2
DA:203,2
DA:206,2
DA:207,4
DA:210,2
DA:215,10
DA:216,10
DA:217,10
DA:220,2
DA:221,10
DA:232,2
DA:236,2
DA:237,68
DA:241,2
DA:242,10
DA:243,10
DA:244,14
DA:245,14
DA:246,0
DA:248,14
DA:250,10
DA:253,2
DA:254,6
DA:255,8
DA:256,12
DA:257,0
DA:261,6
DA:264,2
DA:265,8
DA:266,0
DA:268,8
DA:269,8
DA:270,0
DA:272,8
DA:275,2
DA:276,8
DA:277,0
DA:279,8
DA:283,2
DA:284,48
DA:285,16
DA:286,0
DA:290,16
DA:291,16
DA:293,14
DA:294,0
DA:295,0
DA:297,0
DA:298,14
DA:299,4
DA:300,0
DA:302,4
DA:303,4
DA:304,4
DA:306,0
DA:307,10
DA:311,6
DA:312,6
DA:313,6
DA:314,6
DA:316,6
DA:317,0
DA:320,6
DA:321,0
DA:324,6
DA:325,6
DA:330,6
DA:333,32
DA:334,16
DA:335,16
DA:336,2
DA:337,14
DA:338,14
DA:343,2
DA:345,58
DA:346,6
DA:347,52
DA:348,14
DA:349,38
DA:351,38
DA:356,2
DA:357,6
DA:360,2
DA:361,4
LF:188
LH:147
BRDA:24,0,0,2
BRDA:24,0,1,2
BRDA:26,1,0,2
BRDA:26,1,1,0
BRDA:44,2,0,14
BRDA:44,2,1,2
BRDA:52,3,0,0
BRDA:52,3,1,0
BRDA:87,4,0,4
BRDA:87,4,1,6
BRDA:88,5,0,4
BRDA:88,5,1,0
BRDA:94,6,0,2
BRDA:94,6,1,4
BRDA:123,7,0,0
BRDA:123,7,1,4
BRDA:128,8,0,0
BRDA:128,8,1,4
BRDA:128,9,0,4
BRDA:128,9,1,4
BRDA:134,10,0,0
BRDA:134,10,1,0
BRDA:139,11,0,0
BRDA:139,11,1,0
BRDA:139,12,0,0
BRDA:139,12,1,0
BRDA:145,13,0,0
BRDA:145,13,1,2
BRDA:150,14,0,0
BRDA:150,14,1,2
BRDA:150,15,0,2
BRDA:150,15,1,2
BRDA:156,16,0,0
BRDA:156,16,1,0
BRDA:161,17,0,0
BRDA:161,17,1,0
BRDA:161,18,0,0
BRDA:161,18,1,0
BRDA:164,19,0,0
BRDA:164,19,1,0
BRDA:170,20,0,0
BRDA:170,20,1,4
BRDA:175,21,0,0
BRDA:175,21,1,4
BRDA:175,22,0,4
BRDA:175,22,1,4
BRDA:178,23,0,2
BRDA:178,23,1,2
BRDA:185,24,0,0
BRDA:185,24,1,2
BRDA:190,25,0,0
BRDA:190,25,1,2
BRDA:190,26,0,2
BRDA:190,26,1,2
BRDA:193,27,0,2
BRDA:193,27,1,0
BRDA:221,28,0,10
BRDA:221,28,1,10
BRDA:237,29,0,68
BRDA:237,29,1,36
BRDA:245,30,0,0
BRDA:245,30,1,14
BRDA:256,31,0,0
BRDA:256,31,1,12
BRDA:256,32,0,12
BRDA:256,32,1,4
BRDA:265,33,0,0
BRDA:265,33,1,8
BRDA:265,34,0,8
BRDA:265,34,1,8
BRDA:269,35,0,0
BRDA:269,35,1,8
BRDA:276,36,0,0
BRDA:276,36,1,8
BRDA:276,37,0,8
BRDA:276,37,1,8
BRDA:284,38,0,16
BRDA:284,38,1,32
BRDA:285,39,0,0
BRDA:285,39,1,16
BRDA:291,40,0,14
BRDA:291,40,1,2
BRDA:293,41,0,0
BRDA:293,41,1,14
BRDA:294,42,0,0
BRDA:294,42,1,0
BRDA:298,43,0,4
BRDA:298,43,1,10
BRDA:299,44,0,0
BRDA:299,44,1,4
BRDA:303,45,0,4
BRDA:303,45,1,0
BRDA:307,46,0,6
BRDA:307,46,1,4
BRDA:316,47,0,0
BRDA:316,47,1,6
BRDA:320,48,0,0
BRDA:320,48,1,6
BRDA:320,49,0,6
BRDA:320,49,1,6
BRDA:320,49,2,6
BRDA:320,49,3,6
BRDA:333,50,0,16
BRDA:333,50,1,16
BRDA:335,51,0,2
BRDA:335,51,1,14
BRDA:337,52,0,14
BRDA:337,52,1,0
BRDA:345,53,0,6
BRDA:345,53,1,52
BRDA:347,54,0,14
BRDA:347,54,1,38
BRDA:349,55,0,38
BRDA:349,55,1,0
BRDA:1,56,0,2
BRDA:1,56,1,2
BRF:116
BRH:74
end_of_record
