TN:
SF:/home/blazingkin/Documents/Code/CalPoly/tsc-ZHRL/dist/src/ZHRL.js
FN:4,(anonymous_0)
FN:12,(anonymous_1)
FN:18,(anonymous_2)
FN:35,(anonymous_3)
FN:39,(anonymous_4)
FN:49,isIdC
FN:58,(anonymous_6)
FN:63,(anonymous_7)
FN:72,(anonymous_8)
FN:77,(anonymous_9)
FN:84,(anonymous_10)
FN:99,copyEnv
FN:104,(anonymous_12)
FN:111,isCloV
FN:117,isSexpArray
FN:122,assertStringArray
FN:135,parse
FN:180,interp
FN:195,topInterp
FNF:19
FNH:18
FNDA:1,(anonymous_0)
FNDA:2,(anonymous_1)
FNDA:2,(anonymous_2)
FNDA:6,(anonymous_3)
FNDA:4,(anonymous_4)
FNDA:0,isIdC
FNDA:3,(anonymous_6)
FNDA:1,(anonymous_7)
FNDA:1,(anonymous_8)
FNDA:1,(anonymous_9)
FNDA:1,(anonymous_10)
FNDA:1,copyEnv
FNDA:1,(anonymous_12)
FNDA:1,isCloV
FNDA:10,isSexpArray
FNDA:2,assertStringArray
FNDA:8,parse
FNDA:15,interp
FNDA:1,topInterp
DA:2,1
DA:4,1
DA:13,2
DA:14,2
DA:15,2
DA:16,2
DA:19,2
DA:20,2
DA:21,1
DA:23,1
DA:24,1
DA:28,0
DA:32,1
DA:36,6
DA:37,6
DA:40,4
DA:41,3
DA:44,1
DA:48,1
DA:50,0
DA:52,1
DA:59,3
DA:60,3
DA:61,3
DA:64,1
DA:67,1
DA:73,1
DA:74,1
DA:75,1
DA:78,1
DA:79,1
DA:80,1
DA:81,1
DA:82,0
DA:84,1
DA:85,1
DA:86,1
DA:87,0
DA:89,1
DA:90,1
DA:91,1
DA:93,1
DA:96,1
DA:97,1
DA:98,1
DA:100,1
DA:102,1
DA:105,1
DA:106,1
DA:107,1
DA:110,1
DA:112,1
DA:114,1
DA:115,1
DA:118,10
DA:120,1
DA:123,2
DA:124,2
DA:125,3
DA:126,3
DA:127,0
DA:129,3
DA:131,2
DA:133,1
DA:136,8
DA:137,3
DA:138,0
DA:141,3
DA:142,3
DA:144,2
DA:145,0
DA:146,0
DA:148,0
DA:150,2
DA:151,2
DA:152,0
DA:154,2
DA:155,2
DA:156,2
DA:158,0
DA:160,0
DA:162,0
DA:165,1
DA:168,5
DA:169,2
DA:171,3
DA:172,1
DA:174,2
DA:175,2
DA:178,1
DA:182,15
DA:183,3
DA:185,12
DA:186,4
DA:188,8
DA:190,8
DA:192,0
DA:194,1
DA:196,1
DA:198,1
LF:100
LH:86
BRDA:20,0,0,1
BRDA:20,0,1,1
BRDA:23,1,0,1
BRDA:23,1,1,0
BRDA:40,2,0,3
BRDA:40,2,1,1
BRDA:50,3,0,0
BRDA:50,3,1,0
BRDA:81,4,0,0
BRDA:81,4,1,1
BRDA:86,5,0,0
BRDA:86,5,1,1
BRDA:112,6,0,1
BRDA:112,6,1,1
BRDA:118,7,0,10
BRDA:118,7,1,5
BRDA:126,8,0,0
BRDA:126,8,1,3
BRDA:136,9,0,3
BRDA:136,9,1,5
BRDA:137,10,0,0
BRDA:137,10,1,3
BRDA:142,11,0,2
BRDA:142,11,1,1
BRDA:144,12,0,0
BRDA:144,12,1,2
BRDA:145,13,0,0
BRDA:145,13,1,0
BRDA:150,14,0,2
BRDA:150,14,1,0
BRDA:151,15,0,0
BRDA:151,15,1,2
BRDA:155,16,0,2
BRDA:155,16,1,0
BRDA:160,17,0,0
BRDA:160,17,1,0
BRDA:168,18,0,2
BRDA:168,18,1,3
BRDA:171,19,0,1
BRDA:171,19,1,2
BRDA:174,20,0,2
BRDA:174,20,1,0
BRDA:182,21,0,3
BRDA:182,21,1,12
BRDA:185,22,0,4
BRDA:185,22,1,8
BRDA:188,23,0,8
BRDA:188,23,1,0
BRDA:199,24,0,1
BRDA:199,24,1,1
BRF:50
BRH:33
end_of_record
TN:
SF:/home/blazingkin/Documents/Code/CalPoly/tsc-ZHRL/src/ZHRL.ts
FN:1,(anonymous_0)
FN:15,(anonymous_1)
FN:22,(anonymous_2)
FN:38,(anonymous_3)
FN:43,(anonymous_4)
FN:51,isIdC
FN:61,(anonymous_6)
FN:67,(anonymous_7)
FN:78,(anonymous_8)
FN:84,(anonymous_9)
FN:91,(anonymous_10)
FN:112,copyEnv
FN:120,(anonymous_12)
FN:126,isCloV
FN:142,isSexpArray
FN:147,assertStringArray
FN:160,parse
FN:202,interp
FN:216,topInterp
FNF:19
FNH:18
FNDA:1,(anonymous_0)
FNDA:2,(anonymous_1)
FNDA:2,(anonymous_2)
FNDA:6,(anonymous_3)
FNDA:4,(anonymous_4)
FNDA:0,isIdC
FNDA:3,(anonymous_6)
FNDA:1,(anonymous_7)
FNDA:1,(anonymous_8)
FNDA:1,(anonymous_9)
FNDA:1,(anonymous_10)
FNDA:1,copyEnv
FNDA:1,(anonymous_12)
FNDA:1,isCloV
FNDA:10,isSexpArray
FNDA:2,assertStringArray
FNDA:8,parse
FNDA:15,interp
FNDA:1,topInterp
DA:1,1
DA:11,1
DA:16,2
DA:17,2
DA:18,2
DA:19,2
DA:23,2
DA:24,2
DA:25,1
DA:26,1
DA:27,1
DA:30,0
DA:36,1
DA:39,6
DA:40,6
DA:44,4
DA:45,3
DA:47,1
DA:51,1
DA:52,0
DA:58,1
DA:62,3
DA:63,3
DA:64,3
DA:68,1
DA:75,1
DA:79,1
DA:80,1
DA:81,1
DA:85,1
DA:86,1
DA:87,1
DA:88,1
DA:89,0
DA:91,1
DA:92,1
DA:93,1
DA:94,0
DA:97,1
DA:98,1
DA:99,1
DA:101,1
DA:109,1
DA:110,1
DA:112,1
DA:113,1
DA:116,1
DA:121,1
DA:122,1
DA:123,1
DA:126,1
DA:127,1
DA:138,1
DA:142,1
DA:143,10
DA:147,1
DA:148,2
DA:149,2
DA:150,3
DA:151,3
DA:152,0
DA:154,3
DA:156,2
DA:160,1
DA:161,8
DA:162,3
DA:163,0
DA:167,3
DA:168,3
DA:170,2
DA:171,0
DA:172,0
DA:174,0
DA:175,2
DA:176,2
DA:177,0
DA:179,2
DA:180,2
DA:181,2
DA:183,0
DA:184,0
DA:186,0
DA:189,1
DA:192,5
DA:193,2
DA:194,3
DA:195,1
DA:196,2
DA:197,2
DA:202,1
DA:205,15
DA:206,3
DA:207,12
DA:208,4
DA:209,8
DA:211,8
DA:213,0
DA:216,1
DA:217,1
LF:99
LH:85
BRDA:24,0,0,1
BRDA:24,0,1,1
BRDA:26,1,0,1
BRDA:26,1,1,0
BRDA:44,2,0,3
BRDA:44,2,1,1
BRDA:52,3,0,0
BRDA:52,3,1,0
BRDA:88,4,0,0
BRDA:88,4,1,1
BRDA:93,5,0,0
BRDA:93,5,1,1
BRDA:127,6,0,1
BRDA:127,6,1,1
BRDA:143,7,0,10
BRDA:143,7,1,5
BRDA:151,8,0,0
BRDA:151,8,1,3
BRDA:161,9,0,3
BRDA:161,9,1,5
BRDA:162,10,0,0
BRDA:162,10,1,3
BRDA:168,11,0,2
BRDA:168,11,1,1
BRDA:170,12,0,0
BRDA:170,12,1,2
BRDA:171,13,0,0
BRDA:171,13,1,0
BRDA:175,14,0,2
BRDA:175,14,1,0
BRDA:176,15,0,0
BRDA:176,15,1,2
BRDA:180,16,0,2
BRDA:180,16,1,0
BRDA:184,17,0,0
BRDA:184,17,1,0
BRDA:192,18,0,2
BRDA:192,18,1,3
BRDA:194,19,0,1
BRDA:194,19,1,2
BRDA:196,20,0,2
BRDA:196,20,1,0
BRDA:205,21,0,3
BRDA:205,21,1,12
BRDA:207,22,0,4
BRDA:207,22,1,8
BRDA:209,23,0,8
BRDA:209,23,1,0
BRDA:1,24,0,1
BRDA:1,24,1,1
BRF:50
BRH:33
end_of_record
